<?xml version="1.0" encoding="UTF-8"?>
<robot generator="Robot 5.0.1 (Python 3.11.1 on win32)" generated="20221229 15:32:14.780" rpa="false" schemaversion="3">
<suite id="s1" name="NaukriRobot" source="C:\Users\DELL\Desktop\Kiran\ExcelDemo\TestRobot1\NaukriTest\NaukriRobot.robot">
<test id="s1-t1" name="NaukriTask" line="14">
<kw name="Login to Naukri Website" library="NaukriLoginPage">
<kw name="Open Browser" library="RPA.Browser.Selenium">
<arg>${naukriURL}</arg>
<arg>${Browser}</arg>
<doc>Opens a new browser instance to the optional ``url``.</doc>
<msg timestamp="20221229 15:32:15.554" level="INFO">Opening browser 'chrome' to base url 'https://www.naukri.com/'.</msg>
<status status="PASS" starttime="20221229 15:32:15.554" endtime="20221229 15:32:20.463"/>
</kw>
<kw name="Maximize Browser Window" library="RPA.Browser.Selenium">
<doc>Maximizes current browser window.</doc>
<status status="PASS" starttime="20221229 15:32:20.463" endtime="20221229 15:32:20.654"/>
</kw>
<kw name="Set Selenium Speed" library="RPA.Browser.Selenium">
<arg>1</arg>
<doc>Sets the delay that is waited after each Selenium command.</doc>
<status status="PASS" starttime="20221229 15:32:20.654" endtime="20221229 15:32:20.654"/>
</kw>
<kw name="Set Browser Implicit Wait" library="RPA.Browser.Selenium">
<arg>2</arg>
<doc>Sets the implicit wait value used by Selenium.</doc>
<status status="PASS" starttime="20221229 15:32:20.654" endtime="20221229 15:32:21.657"/>
</kw>
<kw name="Click Element" library="RPA.Browser.Selenium">
<arg>id:login_Layer</arg>
<doc>Click the element identified by ``locator``.</doc>
<msg timestamp="20221229 15:32:21.657" level="INFO">Clicking element 'id:login_Layer'.</msg>
<status status="PASS" starttime="20221229 15:32:21.657" endtime="20221229 15:32:24.040"/>
</kw>
<kw name="Input Text" library="RPA.Browser.Selenium">
<arg>${usr_loc}</arg>
<arg>${Usernme}</arg>
<doc>Types the given ``text`` into the text field identified by ``locator``.</doc>
<msg timestamp="20221229 15:32:24.040" level="INFO">Typing text 'Joysiril.m@gmail.com' into text field 'xpath://input[@placeholder='Enter your active Email ID / Username']'.</msg>
<status status="PASS" starttime="20221229 15:32:24.040" endtime="20221229 15:32:27.286"/>
</kw>
<kw name="Input Password" library="RPA.Browser.Selenium">
<arg>${pwd_loc}</arg>
<arg>${pwd}</arg>
<doc>Types the given password into the text field identified by ``locator``.</doc>
<msg timestamp="20221229 15:32:27.286" level="INFO">Typing password into text field 'xpath://input[@placeholder='Enter your password']'.</msg>
<msg timestamp="20221229 15:32:29.334" level="INFO">Temporally setting log level to: NONE</msg>
<msg timestamp="20221229 15:32:30.401" level="INFO">Log level changed from NONE to INFO.</msg>
<status status="PASS" starttime="20221229 15:32:27.286" endtime="20221229 15:32:30.401"/>
</kw>
<kw name="Click Button" library="RPA.Browser.Selenium">
<arg>${btn_loc}</arg>
<doc>Clicks the button identified by ``locator``.</doc>
<msg timestamp="20221229 15:32:30.401" level="INFO">Clicking button 'xpath://button[@type='submit']'.</msg>
<status status="PASS" starttime="20221229 15:32:30.401" endtime="20221229 15:32:35.695"/>
</kw>
<status status="PASS" starttime="20221229 15:32:15.554" endtime="20221229 15:32:35.695"/>
</kw>
<kw name="Search required details by entering Keyword" library="NaukriSearchPage">
<kw name="Input Text" library="RPA.Browser.Selenium">
<arg>${Search_box}</arg>
<arg>${Keyword_search}</arg>
<doc>Types the given ``text`` into the text field identified by ``locator``.</doc>
<msg timestamp="20221229 15:32:35.695" level="INFO">Typing text 'Automation test engineer' into text field 'xpath://input[@name='qp']'.</msg>
<status status="PASS" starttime="20221229 15:32:35.695" endtime="20221229 15:33:01.278"/>
</kw>
<kw name="Double Click Element" library="RPA.Browser.Selenium">
<arg>${Searchbtn_loc}</arg>
<doc>Double clicks the element identified by ``locator``.</doc>
<msg timestamp="20221229 15:33:01.278" level="INFO">Double clicking element '//button[@type='submit']'.</msg>
<status status="PASS" starttime="20221229 15:33:01.278" endtime="20221229 15:33:03.934"/>
</kw>
<status status="PASS" starttime="20221229 15:32:35.695" endtime="20221229 15:33:03.934"/>
</kw>
<kw name="Get Element Count" library="RPA.Browser.Selenium">
<var>${Count}</var>
<arg>${Roles_loc}</arg>
<doc>Returns the number of elements matching ``locator``.</doc>
<msg timestamp="20221229 15:33:07.078" level="INFO">${Count} = 0</msg>
<status status="PASS" starttime="20221229 15:33:03.935" endtime="20221229 15:33:07.078"/>
</kw>
<kw name="Get All Values" library="User_defined_Library">
<var>${filename}</var>
<arg>${Roles_loc}</arg>
<arg>${descrip_loc}</arg>
<arg>${company_loc}</arg>
<arg>${Count}</arg>
<msg timestamp="20221229 15:33:07.126" level="INFO">${filename} = NaukriData_2022-12-29_15.33.07.086013.xlsx</msg>
<status status="PASS" starttime="20221229 15:33:07.078" endtime="20221229 15:33:07.126"/>
</kw>
<kw name="Set Global Variable" library="BuiltIn">
<arg>${filename}</arg>
<doc>Makes a variable available globally in all tests and suites.</doc>
<msg timestamp="20221229 15:33:07.126" level="INFO">${filename} = NaukriData_2022-12-29_15.33.07.086013.xlsx</msg>
<status status="PASS" starttime="20221229 15:33:07.126" endtime="20221229 15:33:07.126"/>
</kw>
<kw name="Log To Console" library="BuiltIn">
<arg>${filename}</arg>
<doc>Logs the given message to the console.</doc>
<status status="PASS" starttime="20221229 15:33:07.126" endtime="20221229 15:33:07.126"/>
</kw>
<kw name="Close Browser" library="RPA.Browser.Selenium" type="TEARDOWN">
<doc>Closes the current browser.</doc>
<status status="PASS" starttime="20221229 15:33:07.134" endtime="20221229 15:33:10.401"/>
</kw>
<status status="PASS" starttime="20221229 15:32:15.554" endtime="20221229 15:33:10.401"/>
</test>
<status status="PASS" starttime="20221229 15:32:14.780" endtime="20221229 15:33:10.401"/>
</suite>
<statistics>
<total>
<stat pass="1" fail="0" skip="0">All Tests</stat>
</total>
<tag>
</tag>
<suite>
<stat pass="1" fail="0" skip="0" id="s1" name="NaukriRobot">NaukriRobot</stat>
</suite>
</statistics>
<errors>
</errors>
</robot>
