<?xml version="1.0" encoding="UTF-8"?>
<robot generator="Robot 5.0.1 (Python 3.11.1 on win32)" generated="20230102 18:43:12.362" rpa="false" schemaversion="3">
<suite id="s1" name="NaukriRobot" source="C:\Users\DELL\Desktop\Kiran\ExcelDemo\TestRobot1\NaukriTest\NaukriRobot.robot">
<test id="s1-t1" name="NaukriTask" line="14">
<kw name="Login to Naukri Website" library="NaukriLoginPage">
<kw name="Open Browser" library="RPA.Browser.Selenium">
<arg>${naukriURL}</arg>
<arg>${Browser}</arg>
<doc>Opens a new browser instance to the optional ``url``.</doc>
<msg timestamp="20230102 18:43:13.213" level="INFO">Opening browser 'chrome' to base url 'https://www.naukri.com/'.</msg>
<status status="PASS" starttime="20230102 18:43:13.212" endtime="20230102 18:43:20.054"/>
</kw>
<kw name="Maximize Browser Window" library="RPA.Browser.Selenium">
<doc>Maximizes current browser window.</doc>
<status status="PASS" starttime="20230102 18:43:20.054" endtime="20230102 18:43:20.204"/>
</kw>
<kw name="Set Browser Implicit Wait" library="RPA.Browser.Selenium">
<arg>2</arg>
<doc>Sets the implicit wait value used by Selenium.</doc>
<status status="PASS" starttime="20230102 18:43:20.204" endtime="20230102 18:43:20.210"/>
</kw>
<kw name="Click Element" library="RPA.Browser.Selenium">
<arg>id:login_Layer</arg>
<doc>Click the element identified by ``locator``.</doc>
<msg timestamp="20230102 18:43:20.214" level="INFO">Clicking element 'id:login_Layer'.</msg>
<status status="PASS" starttime="20230102 18:43:20.214" endtime="20230102 18:43:20.454"/>
</kw>
<kw name="Input Text" library="RPA.Browser.Selenium">
<arg>${usr_loc}</arg>
<arg>${Usernme}</arg>
<doc>Types the given ``text`` into the text field identified by ``locator``.</doc>
<msg timestamp="20230102 18:43:20.458" level="INFO">Typing text 'Joysiril.m@gmail.com' into text field 'xpath://input[@placeholder='Enter your active Email ID / Username']'.</msg>
<status status="PASS" starttime="20230102 18:43:20.454" endtime="20230102 18:43:20.875"/>
</kw>
<kw name="Input Password" library="RPA.Browser.Selenium">
<arg>${pwd_loc}</arg>
<arg>${pwd}</arg>
<doc>Types the given password into the text field identified by ``locator``.</doc>
<msg timestamp="20230102 18:43:20.875" level="INFO">Typing password into text field 'xpath://input[@placeholder='Enter your password']'.</msg>
<msg timestamp="20230102 18:43:20.937" level="INFO">Temporally setting log level to: NONE</msg>
<msg timestamp="20230102 18:43:21.026" level="INFO">Log level changed from NONE to INFO.</msg>
<status status="PASS" starttime="20230102 18:43:20.875" endtime="20230102 18:43:21.027"/>
</kw>
<kw name="Click Button" library="RPA.Browser.Selenium">
<arg>${btn_loc}</arg>
<doc>Clicks the button identified by ``locator``.</doc>
<msg timestamp="20230102 18:43:21.027" level="INFO">Clicking button 'xpath://button[@type='submit']'.</msg>
<status status="PASS" starttime="20230102 18:43:21.027" endtime="20230102 18:43:21.124"/>
</kw>
<status status="PASS" starttime="20230102 18:43:13.205" endtime="20230102 18:43:21.125"/>
</kw>
<kw name="Check highlighting popup asked for suggestion" library="NaukriLoginPage">
<kw name="Does Page Contain Button" library="RPA.Browser.Selenium">
<var>${value}</var>
<arg>xpath://form[@name='skip']//button</arg>
<doc>Does page contain expected button</doc>
<msg timestamp="20230102 18:43:50.618" level="INFO" html="true">Ran with keyword &lt;b&gt;Page Should Contain Button&lt;/b&gt; which returned error: &lt;i&gt;Page should have contained button 'xpath://form[@name='skip']//button' but did not.&lt;/i&gt;</msg>
<msg timestamp="20230102 18:43:50.618" level="INFO">${value} = False</msg>
<status status="PASS" starttime="20230102 18:43:21.125" endtime="20230102 18:43:50.618"/>
</kw>
<kw name="Log To Console" library="BuiltIn">
<arg>${value}</arg>
<doc>Logs the given message to the console.</doc>
<status status="PASS" starttime="20230102 18:43:50.618" endtime="20230102 18:43:50.618"/>
</kw>
<if>
<branch type="IF" condition="True == ${value}">
<kw name="Click Button" library="RPA.Browser.Selenium">
<arg>${value}</arg>
<doc>Clicks the button identified by ``locator``.</doc>
<status status="NOT RUN" starttime="20230102 18:43:50.618" endtime="20230102 18:43:50.618"/>
</kw>
<status status="NOT RUN" starttime="20230102 18:43:50.618" endtime="20230102 18:43:50.618"/>
</branch>
<status status="PASS" starttime="20230102 18:43:50.618" endtime="20230102 18:43:50.626"/>
</if>
<status status="PASS" starttime="20230102 18:43:21.125" endtime="20230102 18:43:50.626"/>
</kw>
<kw name="Search required details by entering Keyword" library="NaukriSearchPage">
<kw name="Sleep" library="BuiltIn">
<arg>2</arg>
<doc>Pauses the test executed for the given time.</doc>
<msg timestamp="20230102 18:43:52.626" level="INFO">Slept 2 seconds</msg>
<status status="PASS" starttime="20230102 18:43:50.626" endtime="20230102 18:43:52.626"/>
</kw>
<kw name="Input Text" library="RPA.Browser.Selenium">
<arg>${Search_box}</arg>
<arg>${Keyword_search}</arg>
<doc>Types the given ``text`` into the text field identified by ``locator``.</doc>
<msg timestamp="20230102 18:43:52.628" level="INFO">Typing text 'Automation test engineer' into text field 'xpath://input[@name='qp']'.</msg>
<status status="PASS" starttime="20230102 18:43:52.626" endtime="20230102 18:43:52.865"/>
</kw>
<kw name="Sleep" library="BuiltIn">
<arg>1</arg>
<doc>Pauses the test executed for the given time.</doc>
<msg timestamp="20230102 18:43:53.868" level="INFO">Slept 1 second</msg>
<status status="PASS" starttime="20230102 18:43:52.865" endtime="20230102 18:43:53.868"/>
</kw>
<kw name="Double Click Element" library="RPA.Browser.Selenium">
<arg>${Searchbtn_loc}</arg>
<doc>Double clicks the element identified by ``locator``.</doc>
<msg timestamp="20230102 18:43:53.869" level="INFO">Double clicking element '//button[@type='submit']'.</msg>
<status status="PASS" starttime="20230102 18:43:53.868" endtime="20230102 18:43:54.348"/>
</kw>
<kw name="Sleep" library="BuiltIn">
<arg>1</arg>
<doc>Pauses the test executed for the given time.</doc>
<msg timestamp="20230102 18:43:55.353" level="INFO">Slept 1 second</msg>
<status status="PASS" starttime="20230102 18:43:54.353" endtime="20230102 18:43:55.353"/>
</kw>
<status status="PASS" starttime="20230102 18:43:50.626" endtime="20230102 18:43:55.353"/>
</kw>
<kw name="Get Element Count" library="RPA.Browser.Selenium">
<var>${Count}</var>
<arg>${Roles_loc}</arg>
<doc>Returns the number of elements matching ``locator``.</doc>
<msg timestamp="20230102 18:43:59.683" level="INFO">${Count} = 20</msg>
<status status="PASS" starttime="20230102 18:43:55.353" endtime="20230102 18:43:59.683"/>
</kw>
<if>
<branch type="IF" condition="${Count} &lt;= 0">
<kw name="Log" library="BuiltIn">
<arg>Locator is changed</arg>
<doc>Logs the given message with the given level.</doc>
<status status="NOT RUN" starttime="20230102 18:43:59.683" endtime="20230102 18:43:59.683"/>
</kw>
<status status="NOT RUN" starttime="20230102 18:43:59.683" endtime="20230102 18:43:59.683"/>
</branch>
<branch type="ELSE">
<kw name="Get All Values" library="User_defined_Library">
<var>${filename}</var>
<arg>${Roles_loc}</arg>
<arg>${descrip_loc}</arg>
<arg>${company_loc}</arg>
<arg>${next_loc}</arg>
<msg timestamp="20230102 18:44:04.282" level="INFO">Executing JavaScript:
window.scrollTo(0,600)
Without any arguments.</msg>
<msg timestamp="20230102 18:44:04.399" level="INFO">Current page contains element 'xpath://a[@class='fright fs14 btn-secondary br2']//span[contains(text(),'Next')]'.</msg>
<msg timestamp="20230102 18:44:04.460" level="INFO">Clicking element 'xpath://a[@class='fright fs14 btn-secondary br2']//span[contains(text(),'Next')]'.</msg>
<msg timestamp="20230102 18:44:11.274" level="INFO">Executing JavaScript:
window.scrollTo(0,600)
Without any arguments.</msg>
<msg timestamp="20230102 18:44:11.395" level="INFO">Current page contains element 'xpath://a[@class='fright fs14 btn-secondary br2']//span[contains(text(),'Next')]'.</msg>
<msg timestamp="20230102 18:44:11.443" level="INFO">Clicking element 'xpath://a[@class='fright fs14 btn-secondary br2']//span[contains(text(),'Next')]'.</msg>
<msg timestamp="20230102 18:44:18.306" level="INFO">Executing JavaScript:
window.scrollTo(0,600)
Without any arguments.</msg>
<msg timestamp="20230102 18:44:18.421" level="INFO">Current page contains element 'xpath://a[@class='fright fs14 btn-secondary br2']//span[contains(text(),'Next')]'.</msg>
<msg timestamp="20230102 18:44:18.474" level="INFO">Clicking element 'xpath://a[@class='fright fs14 btn-secondary br2']//span[contains(text(),'Next')]'.</msg>
<msg timestamp="20230102 18:44:25.381" level="INFO">Executing JavaScript:
window.scrollTo(0,600)
Without any arguments.</msg>
<msg timestamp="20230102 18:44:25.484" level="INFO">Current page contains element 'xpath://a[@class='fright fs14 btn-secondary br2']//span[contains(text(),'Next')]'.</msg>
<msg timestamp="20230102 18:44:25.569" level="INFO">Clicking element 'xpath://a[@class='fright fs14 btn-secondary br2']//span[contains(text(),'Next')]'.</msg>
<msg timestamp="20230102 18:44:31.165" level="INFO">Executing JavaScript:
window.scrollTo(0,600)
Without any arguments.</msg>
<msg timestamp="20230102 18:44:31.216" level="INFO">Current page contains element 'xpath://a[@class='fright fs14 btn-secondary br2']//span[contains(text(),'Next')]'.</msg>
<msg timestamp="20230102 18:44:31.257" level="INFO">Clicking element 'xpath://a[@class='fright fs14 btn-secondary br2']//span[contains(text(),'Next')]'.</msg>
<msg timestamp="20230102 18:44:37.705" level="INFO">Executing JavaScript:
window.scrollTo(0,600)
Without any arguments.</msg>
<msg timestamp="20230102 18:44:37.794" level="INFO">Current page contains element 'xpath://a[@class='fright fs14 btn-secondary br2']//span[contains(text(),'Next')]'.</msg>
<msg timestamp="20230102 18:44:37.855" level="INFO">Clicking element 'xpath://a[@class='fright fs14 btn-secondary br2']//span[contains(text(),'Next')]'.</msg>
<msg timestamp="20230102 18:44:43.713" level="INFO">Executing JavaScript:
window.scrollTo(0,600)
Without any arguments.</msg>
<msg timestamp="20230102 18:44:43.778" level="INFO">Current page contains element 'xpath://a[@class='fright fs14 btn-secondary br2']//span[contains(text(),'Next')]'.</msg>
<msg timestamp="20230102 18:44:43.845" level="INFO">Clicking element 'xpath://a[@class='fright fs14 btn-secondary br2']//span[contains(text(),'Next')]'.</msg>
<msg timestamp="20230102 18:44:49.803" level="INFO">Executing JavaScript:
window.scrollTo(0,600)
Without any arguments.</msg>
<msg timestamp="20230102 18:44:49.859" level="INFO">Current page contains element 'xpath://a[@class='fright fs14 btn-secondary br2']//span[contains(text(),'Next')]'.</msg>
<msg timestamp="20230102 18:44:49.907" level="INFO">Clicking element 'xpath://a[@class='fright fs14 btn-secondary br2']//span[contains(text(),'Next')]'.</msg>
<msg timestamp="20230102 18:44:56.083" level="INFO">Executing JavaScript:
window.scrollTo(0,600)
Without any arguments.</msg>
<msg timestamp="20230102 18:44:56.176" level="INFO">Current page contains element 'xpath://a[@class='fright fs14 btn-secondary br2']//span[contains(text(),'Next')]'.</msg>
<msg timestamp="20230102 18:44:56.224" level="INFO">Clicking element 'xpath://a[@class='fright fs14 btn-secondary br2']//span[contains(text(),'Next')]'.</msg>
<msg timestamp="20230102 18:45:00.900" level="INFO">Executing JavaScript:
window.scrollTo(0,600)
Without any arguments.</msg>
<msg timestamp="20230102 18:45:00.938" level="INFO">Current page contains element 'xpath://a[@class='fright fs14 btn-secondary br2']//span[contains(text(),'Next')]'.</msg>
<msg timestamp="20230102 18:45:00.968" level="INFO">Clicking element 'xpath://a[@class='fright fs14 btn-secondary br2']//span[contains(text(),'Next')]'.</msg>
<msg timestamp="20230102 18:45:04.385" level="INFO">Executing JavaScript:
window.scrollTo(0,600)
Without any arguments.</msg>
<msg timestamp="20230102 18:45:04.428" level="INFO">Current page contains element 'xpath://a[@class='fright fs14 btn-secondary br2']//span[contains(text(),'Next')]'.</msg>
<msg timestamp="20230102 18:45:04.459" level="INFO">Clicking element 'xpath://a[@class='fright fs14 btn-secondary br2']//span[contains(text(),'Next')]'.</msg>
<msg timestamp="20230102 18:45:08.235" level="INFO">Executing JavaScript:
window.scrollTo(0,600)
Without any arguments.</msg>
<msg timestamp="20230102 18:45:08.272" level="INFO">Current page contains element 'xpath://a[@class='fright fs14 btn-secondary br2']//span[contains(text(),'Next')]'.</msg>
<msg timestamp="20230102 18:45:08.305" level="INFO">Clicking element 'xpath://a[@class='fright fs14 btn-secondary br2']//span[contains(text(),'Next')]'.</msg>
<msg timestamp="20230102 18:45:11.927" level="INFO">Executing JavaScript:
window.scrollTo(0,600)
Without any arguments.</msg>
<msg timestamp="20230102 18:45:11.955" level="INFO">Current page contains element 'xpath://a[@class='fright fs14 btn-secondary br2']//span[contains(text(),'Next')]'.</msg>
<msg timestamp="20230102 18:45:11.983" level="INFO">Clicking element 'xpath://a[@class='fright fs14 btn-secondary br2']//span[contains(text(),'Next')]'.</msg>
<msg timestamp="20230102 18:45:15.704" level="INFO">Executing JavaScript:
window.scrollTo(0,600)
Without any arguments.</msg>
<msg timestamp="20230102 18:45:15.735" level="INFO">Current page contains element 'xpath://a[@class='fright fs14 btn-secondary br2']//span[contains(text(),'Next')]'.</msg>
<msg timestamp="20230102 18:45:15.767" level="INFO">Clicking element 'xpath://a[@class='fright fs14 btn-secondary br2']//span[contains(text(),'Next')]'.</msg>
<msg timestamp="20230102 18:45:17.929" level="INFO">Executing JavaScript:
window.scrollTo(0,600)
Without any arguments.</msg>
<msg timestamp="20230102 18:45:18.647" level="INFO">Current page contains element 'xpath://a[@class='fright fs14 btn-secondary br2']//span[contains(text(),'Next')]'.</msg>
<msg timestamp="20230102 18:45:18.698" level="INFO">Clicking element 'xpath://a[@class='fright fs14 btn-secondary br2']//span[contains(text(),'Next')]'.</msg>
<msg timestamp="20230102 18:45:22.532" level="INFO">Executing JavaScript:
window.scrollTo(0,600)
Without any arguments.</msg>
<msg timestamp="20230102 18:45:22.561" level="INFO">Current page contains element 'xpath://a[@class='fright fs14 btn-secondary br2']//span[contains(text(),'Next')]'.</msg>
<msg timestamp="20230102 18:45:22.592" level="INFO">Clicking element 'xpath://a[@class='fright fs14 btn-secondary br2']//span[contains(text(),'Next')]'.</msg>
<msg timestamp="20230102 18:45:26.160" level="INFO">Executing JavaScript:
window.scrollTo(0,600)
Without any arguments.</msg>
<msg timestamp="20230102 18:45:26.201" level="INFO">Current page contains element 'xpath://a[@class='fright fs14 btn-secondary br2']//span[contains(text(),'Next')]'.</msg>
<msg timestamp="20230102 18:45:26.235" level="INFO">Clicking element 'xpath://a[@class='fright fs14 btn-secondary br2']//span[contains(text(),'Next')]'.</msg>
<msg timestamp="20230102 18:45:29.689" level="INFO">Executing JavaScript:
window.scrollTo(0,600)
Without any arguments.</msg>
<msg timestamp="20230102 18:45:29.730" level="INFO">Current page contains element 'xpath://a[@class='fright fs14 btn-secondary br2']//span[contains(text(),'Next')]'.</msg>
<msg timestamp="20230102 18:45:29.762" level="INFO">Clicking element 'xpath://a[@class='fright fs14 btn-secondary br2']//span[contains(text(),'Next')]'.</msg>
<msg timestamp="20230102 18:45:32.814" level="INFO">Executing JavaScript:
window.scrollTo(0,600)
Without any arguments.</msg>
<msg timestamp="20230102 18:45:32.844" level="INFO">Current page contains element 'xpath://a[@class='fright fs14 btn-secondary br2']//span[contains(text(),'Next')]'.</msg>
<msg timestamp="20230102 18:45:32.874" level="INFO">Clicking element 'xpath://a[@class='fright fs14 btn-secondary br2']//span[contains(text(),'Next')]'.</msg>
<msg timestamp="20230102 18:45:35.992" level="INFO">Executing JavaScript:
window.scrollTo(0,600)
Without any arguments.</msg>
<msg timestamp="20230102 18:45:36.026" level="INFO">Current page contains element 'xpath://a[@class='fright fs14 btn-secondary br2']//span[contains(text(),'Next')]'.</msg>
<msg timestamp="20230102 18:45:36.056" level="INFO">Clicking element 'xpath://a[@class='fright fs14 btn-secondary br2']//span[contains(text(),'Next')]'.</msg>
<msg timestamp="20230102 18:45:39.492" level="INFO">Executing JavaScript:
window.scrollTo(0,600)
Without any arguments.</msg>
<msg timestamp="20230102 18:45:39.521" level="INFO">Current page contains element 'xpath://a[@class='fright fs14 btn-secondary br2']//span[contains(text(),'Next')]'.</msg>
<msg timestamp="20230102 18:45:39.557" level="INFO">Clicking element 'xpath://a[@class='fright fs14 btn-secondary br2']//span[contains(text(),'Next')]'.</msg>
<msg timestamp="20230102 18:45:43.237" level="INFO">Executing JavaScript:
window.scrollTo(0,600)
Without any arguments.</msg>
<msg timestamp="20230102 18:45:43.266" level="INFO">Current page contains element 'xpath://a[@class='fright fs14 btn-secondary br2']//span[contains(text(),'Next')]'.</msg>
<msg timestamp="20230102 18:45:43.300" level="INFO">Clicking element 'xpath://a[@class='fright fs14 btn-secondary br2']//span[contains(text(),'Next')]'.</msg>
<msg timestamp="20230102 18:45:46.861" level="INFO">Executing JavaScript:
window.scrollTo(0,600)
Without any arguments.</msg>
<msg timestamp="20230102 18:45:46.892" level="INFO">Current page contains element 'xpath://a[@class='fright fs14 btn-secondary br2']//span[contains(text(),'Next')]'.</msg>
<msg timestamp="20230102 18:45:46.923" level="INFO">Clicking element 'xpath://a[@class='fright fs14 btn-secondary br2']//span[contains(text(),'Next')]'.</msg>
<msg timestamp="20230102 18:45:50.182" level="INFO">Executing JavaScript:
window.scrollTo(0,600)
Without any arguments.</msg>
<msg timestamp="20230102 18:45:50.216" level="INFO">Current page contains element 'xpath://a[@class='fright fs14 btn-secondary br2']//span[contains(text(),'Next')]'.</msg>
<msg timestamp="20230102 18:45:50.246" level="INFO">Clicking element 'xpath://a[@class='fright fs14 btn-secondary br2']//span[contains(text(),'Next')]'.</msg>
<msg timestamp="20230102 18:45:53.750" level="INFO">Executing JavaScript:
window.scrollTo(0,600)
Without any arguments.</msg>
<msg timestamp="20230102 18:45:53.782" level="INFO">Current page contains element 'xpath://a[@class='fright fs14 btn-secondary br2']//span[contains(text(),'Next')]'.</msg>
<msg timestamp="20230102 18:45:53.815" level="INFO">Clicking element 'xpath://a[@class='fright fs14 btn-secondary br2']//span[contains(text(),'Next')]'.</msg>
<msg timestamp="20230102 18:45:55.996" level="INFO">Executing JavaScript:
window.scrollTo(0,600)
Without any arguments.</msg>
<msg timestamp="20230102 18:45:56.237" level="INFO">Current page contains element 'xpath://a[@class='fright fs14 btn-secondary br2']//span[contains(text(),'Next')]'.</msg>
<msg timestamp="20230102 18:45:56.288" level="INFO">Clicking element 'xpath://a[@class='fright fs14 btn-secondary br2']//span[contains(text(),'Next')]'.</msg>
<msg timestamp="20230102 18:45:59.654" level="INFO">Executing JavaScript:
window.scrollTo(0,600)
Without any arguments.</msg>
<msg timestamp="20230102 18:45:59.683" level="INFO">Current page contains element 'xpath://a[@class='fright fs14 btn-secondary br2']//span[contains(text(),'Next')]'.</msg>
<msg timestamp="20230102 18:45:59.716" level="INFO">Clicking element 'xpath://a[@class='fright fs14 btn-secondary br2']//span[contains(text(),'Next')]'.</msg>
<msg timestamp="20230102 18:46:03.431" level="INFO">Executing JavaScript:
window.scrollTo(0,600)
Without any arguments.</msg>
<msg timestamp="20230102 18:46:03.461" level="INFO">Current page contains element 'xpath://a[@class='fright fs14 btn-secondary br2']//span[contains(text(),'Next')]'.</msg>
<msg timestamp="20230102 18:46:03.495" level="INFO">Clicking element 'xpath://a[@class='fright fs14 btn-secondary br2']//span[contains(text(),'Next')]'.</msg>
<msg timestamp="20230102 18:46:05.660" level="INFO">Executing JavaScript:
window.scrollTo(0,600)
Without any arguments.</msg>
<msg timestamp="20230102 18:46:06.002" level="INFO">Current page contains element 'xpath://a[@class='fright fs14 btn-secondary br2']//span[contains(text(),'Next')]'.</msg>
<msg timestamp="20230102 18:46:06.040" level="INFO">Clicking element 'xpath://a[@class='fright fs14 btn-secondary br2']//span[contains(text(),'Next')]'.</msg>
<msg timestamp="20230102 18:46:10.104" level="INFO">Executing JavaScript:
window.scrollTo(0,600)
Without any arguments.</msg>
<msg timestamp="20230102 18:46:10.192" level="INFO">Current page contains element 'xpath://a[@class='fright fs14 btn-secondary br2']//span[contains(text(),'Next')]'.</msg>
<msg timestamp="20230102 18:46:10.263" level="INFO">Clicking element 'xpath://a[@class='fright fs14 btn-secondary br2']//span[contains(text(),'Next')]'.</msg>
<msg timestamp="20230102 18:46:13.743" level="INFO">Executing JavaScript:
window.scrollTo(0,600)
Without any arguments.</msg>
<msg timestamp="20230102 18:46:13.754" level="INFO">Current page contains element 'xpath://a[@class='fright fs14 btn-secondary br2']//span[contains(text(),'Next')]'.</msg>
<msg timestamp="20230102 18:46:13.801" level="INFO">Clicking element 'xpath://a[@class='fright fs14 btn-secondary br2']//span[contains(text(),'Next')]'.</msg>
<msg timestamp="20230102 18:46:17.614" level="INFO">Executing JavaScript:
window.scrollTo(0,600)
Without any arguments.</msg>
<msg timestamp="20230102 18:46:17.625" level="INFO">Current page contains element 'xpath://a[@class='fright fs14 btn-secondary br2']//span[contains(text(),'Next')]'.</msg>
<msg timestamp="20230102 18:46:17.677" level="INFO">Clicking element 'xpath://a[@class='fright fs14 btn-secondary br2']//span[contains(text(),'Next')]'.</msg>
<msg timestamp="20230102 18:46:21.235" level="INFO">Executing JavaScript:
window.scrollTo(0,600)
Without any arguments.</msg>
<msg timestamp="20230102 18:46:21.263" level="INFO">Current page contains element 'xpath://a[@class='fright fs14 btn-secondary br2']//span[contains(text(),'Next')]'.</msg>
<msg timestamp="20230102 18:46:21.292" level="INFO">Clicking element 'xpath://a[@class='fright fs14 btn-secondary br2']//span[contains(text(),'Next')]'.</msg>
<msg timestamp="20230102 18:46:25.072" level="INFO">Executing JavaScript:
window.scrollTo(0,600)
Without any arguments.</msg>
<msg timestamp="20230102 18:46:25.107" level="INFO">Current page contains element 'xpath://a[@class='fright fs14 btn-secondary br2']//span[contains(text(),'Next')]'.</msg>
<msg timestamp="20230102 18:46:25.141" level="INFO">Clicking element 'xpath://a[@class='fright fs14 btn-secondary br2']//span[contains(text(),'Next')]'.</msg>
<msg timestamp="20230102 18:46:28.902" level="INFO">Executing JavaScript:
window.scrollTo(0,600)
Without any arguments.</msg>
<msg timestamp="20230102 18:46:28.930" level="INFO">Current page contains element 'xpath://a[@class='fright fs14 btn-secondary br2']//span[contains(text(),'Next')]'.</msg>
<msg timestamp="20230102 18:46:28.961" level="INFO">Clicking element 'xpath://a[@class='fright fs14 btn-secondary br2']//span[contains(text(),'Next')]'.</msg>
<msg timestamp="20230102 18:46:32.822" level="INFO">Executing JavaScript:
window.scrollTo(0,600)
Without any arguments.</msg>
<msg timestamp="20230102 18:46:32.853" level="INFO">Current page contains element 'xpath://a[@class='fright fs14 btn-secondary br2']//span[contains(text(),'Next')]'.</msg>
<msg timestamp="20230102 18:46:32.887" level="INFO">Clicking element 'xpath://a[@class='fright fs14 btn-secondary br2']//span[contains(text(),'Next')]'.</msg>
<msg timestamp="20230102 18:46:36.620" level="INFO">Executing JavaScript:
window.scrollTo(0,600)
Without any arguments.</msg>
<msg timestamp="20230102 18:46:36.650" level="INFO">Current page contains element 'xpath://a[@class='fright fs14 btn-secondary br2']//span[contains(text(),'Next')]'.</msg>
<msg timestamp="20230102 18:46:36.682" level="INFO">Clicking element 'xpath://a[@class='fright fs14 btn-secondary br2']//span[contains(text(),'Next')]'.</msg>
<msg timestamp="20230102 18:46:40.567" level="INFO">Executing JavaScript:
window.scrollTo(0,600)
Without any arguments.</msg>
<msg timestamp="20230102 18:46:40.598" level="INFO">Current page contains element 'xpath://a[@class='fright fs14 btn-secondary br2']//span[contains(text(),'Next')]'.</msg>
<msg timestamp="20230102 18:46:40.630" level="INFO">Clicking element 'xpath://a[@class='fright fs14 btn-secondary br2']//span[contains(text(),'Next')]'.</msg>
<msg timestamp="20230102 18:46:44.913" level="INFO">Executing JavaScript:
window.scrollTo(0,600)
Without any arguments.</msg>
<msg timestamp="20230102 18:46:44.946" level="INFO">Current page contains element 'xpath://a[@class='fright fs14 btn-secondary br2']//span[contains(text(),'Next')]'.</msg>
<msg timestamp="20230102 18:46:44.977" level="INFO">Clicking element 'xpath://a[@class='fright fs14 btn-secondary br2']//span[contains(text(),'Next')]'.</msg>
<msg timestamp="20230102 18:46:48.785" level="INFO">Executing JavaScript:
window.scrollTo(0,600)
Without any arguments.</msg>
<msg timestamp="20230102 18:46:48.822" level="INFO">Current page contains element 'xpath://a[@class='fright fs14 btn-secondary br2']//span[contains(text(),'Next')]'.</msg>
<msg timestamp="20230102 18:46:48.852" level="INFO">Clicking element 'xpath://a[@class='fright fs14 btn-secondary br2']//span[contains(text(),'Next')]'.</msg>
<msg timestamp="20230102 18:46:52.814" level="INFO">Executing JavaScript:
window.scrollTo(0,600)
Without any arguments.</msg>
<msg timestamp="20230102 18:46:52.854" level="INFO">Current page contains element 'xpath://a[@class='fright fs14 btn-secondary br2']//span[contains(text(),'Next')]'.</msg>
<msg timestamp="20230102 18:46:52.886" level="INFO">Clicking element 'xpath://a[@class='fright fs14 btn-secondary br2']//span[contains(text(),'Next')]'.</msg>
<msg timestamp="20230102 18:46:56.961" level="INFO">Executing JavaScript:
window.scrollTo(0,600)
Without any arguments.</msg>
<msg timestamp="20230102 18:46:56.992" level="INFO">Current page contains element 'xpath://a[@class='fright fs14 btn-secondary br2']//span[contains(text(),'Next')]'.</msg>
<msg timestamp="20230102 18:46:57.026" level="INFO">Clicking element 'xpath://a[@class='fright fs14 btn-secondary br2']//span[contains(text(),'Next')]'.</msg>
<msg timestamp="20230102 18:47:01.012" level="INFO">Executing JavaScript:
window.scrollTo(0,600)
Without any arguments.</msg>
<msg timestamp="20230102 18:47:01.048" level="INFO">Current page contains element 'xpath://a[@class='fright fs14 btn-secondary br2']//span[contains(text(),'Next')]'.</msg>
<msg timestamp="20230102 18:47:01.079" level="INFO">Clicking element 'xpath://a[@class='fright fs14 btn-secondary br2']//span[contains(text(),'Next')]'.</msg>
<msg timestamp="20230102 18:47:05.087" level="INFO">Executing JavaScript:
window.scrollTo(0,600)
Without any arguments.</msg>
<msg timestamp="20230102 18:47:05.119" level="INFO">Current page contains element 'xpath://a[@class='fright fs14 btn-secondary br2']//span[contains(text(),'Next')]'.</msg>
<msg timestamp="20230102 18:47:05.154" level="INFO">Clicking element 'xpath://a[@class='fright fs14 btn-secondary br2']//span[contains(text(),'Next')]'.</msg>
<msg timestamp="20230102 18:47:09.259" level="INFO">Executing JavaScript:
window.scrollTo(0,600)
Without any arguments.</msg>
<msg timestamp="20230102 18:47:09.284" level="INFO">Current page contains element 'xpath://a[@class='fright fs14 btn-secondary br2']//span[contains(text(),'Next')]'.</msg>
<msg timestamp="20230102 18:47:09.329" level="INFO">Clicking element 'xpath://a[@class='fright fs14 btn-secondary br2']//span[contains(text(),'Next')]'.</msg>
<msg timestamp="20230102 18:47:12.967" level="INFO">Executing JavaScript:
window.scrollTo(0,600)
Without any arguments.</msg>
<msg timestamp="20230102 18:47:12.997" level="INFO">Current page contains element 'xpath://a[@class='fright fs14 btn-secondary br2']//span[contains(text(),'Next')]'.</msg>
<msg timestamp="20230102 18:47:13.028" level="INFO">Clicking element 'xpath://a[@class='fright fs14 btn-secondary br2']//span[contains(text(),'Next')]'.</msg>
<msg timestamp="20230102 18:47:16.837" level="INFO">Executing JavaScript:
window.scrollTo(0,600)
Without any arguments.</msg>
<msg timestamp="20230102 18:47:16.865" level="INFO">Current page contains element 'xpath://a[@class='fright fs14 btn-secondary br2']//span[contains(text(),'Next')]'.</msg>
<msg timestamp="20230102 18:47:16.895" level="INFO">Clicking element 'xpath://a[@class='fright fs14 btn-secondary br2']//span[contains(text(),'Next')]'.</msg>
<msg timestamp="20230102 18:47:20.548" level="INFO">Executing JavaScript:
window.scrollTo(0,600)
Without any arguments.</msg>
<msg timestamp="20230102 18:47:20.577" level="INFO">Current page contains element 'xpath://a[@class='fright fs14 btn-secondary br2']//span[contains(text(),'Next')]'.</msg>
<msg timestamp="20230102 18:47:20.611" level="INFO">Clicking element 'xpath://a[@class='fright fs14 btn-secondary br2']//span[contains(text(),'Next')]'.</msg>
<msg timestamp="20230102 18:47:24.244" level="INFO">Executing JavaScript:
window.scrollTo(0,600)
Without any arguments.</msg>
<msg timestamp="20230102 18:47:24.272" level="INFO">Current page contains element 'xpath://a[@class='fright fs14 btn-secondary br2']//span[contains(text(),'Next')]'.</msg>
<msg timestamp="20230102 18:47:24.309" level="INFO">Clicking element 'xpath://a[@class='fright fs14 btn-secondary br2']//span[contains(text(),'Next')]'.</msg>
<msg timestamp="20230102 18:47:28.164" level="INFO">Executing JavaScript:
window.scrollTo(0,600)
Without any arguments.</msg>
<msg timestamp="20230102 18:47:28.197" level="INFO">Current page contains element 'xpath://a[@class='fright fs14 btn-secondary br2']//span[contains(text(),'Next')]'.</msg>
<msg timestamp="20230102 18:47:28.235" level="INFO">Clicking element 'xpath://a[@class='fright fs14 btn-secondary br2']//span[contains(text(),'Next')]'.</msg>
<msg timestamp="20230102 18:47:31.932" level="INFO">Executing JavaScript:
window.scrollTo(0,600)
Without any arguments.</msg>
<msg timestamp="20230102 18:47:31.966" level="INFO">Current page contains element 'xpath://a[@class='fright fs14 btn-secondary br2']//span[contains(text(),'Next')]'.</msg>
<msg timestamp="20230102 18:47:31.995" level="INFO">Clicking element 'xpath://a[@class='fright fs14 btn-secondary br2']//span[contains(text(),'Next')]'.</msg>
<msg timestamp="20230102 18:47:35.818" level="INFO">Executing JavaScript:
window.scrollTo(0,600)
Without any arguments.</msg>
<msg timestamp="20230102 18:47:35.853" level="INFO">Current page contains element 'xpath://a[@class='fright fs14 btn-secondary br2']//span[contains(text(),'Next')]'.</msg>
<msg timestamp="20230102 18:47:35.886" level="INFO">Clicking element 'xpath://a[@class='fright fs14 btn-secondary br2']//span[contains(text(),'Next')]'.</msg>
<msg timestamp="20230102 18:47:39.767" level="INFO">Executing JavaScript:
window.scrollTo(0,600)
Without any arguments.</msg>
<msg timestamp="20230102 18:47:39.799" level="INFO">Current page contains element 'xpath://a[@class='fright fs14 btn-secondary br2']//span[contains(text(),'Next')]'.</msg>
<msg timestamp="20230102 18:47:39.833" level="INFO">Clicking element 'xpath://a[@class='fright fs14 btn-secondary br2']//span[contains(text(),'Next')]'.</msg>
<msg timestamp="20230102 18:47:43.688" level="INFO">Executing JavaScript:
window.scrollTo(0,600)
Without any arguments.</msg>
<msg timestamp="20230102 18:47:43.717" level="INFO">Current page contains element 'xpath://a[@class='fright fs14 btn-secondary br2']//span[contains(text(),'Next')]'.</msg>
<msg timestamp="20230102 18:47:43.750" level="INFO">Clicking element 'xpath://a[@class='fright fs14 btn-secondary br2']//span[contains(text(),'Next')]'.</msg>
<msg timestamp="20230102 18:47:47.418" level="INFO">Executing JavaScript:
window.scrollTo(0,600)
Without any arguments.</msg>
<msg timestamp="20230102 18:47:47.446" level="INFO">Current page contains element 'xpath://a[@class='fright fs14 btn-secondary br2']//span[contains(text(),'Next')]'.</msg>
<msg timestamp="20230102 18:47:47.478" level="INFO">Clicking element 'xpath://a[@class='fright fs14 btn-secondary br2']//span[contains(text(),'Next')]'.</msg>
<msg timestamp="20230102 18:47:51.483" level="INFO">Executing JavaScript:
window.scrollTo(0,600)
Without any arguments.</msg>
<msg timestamp="20230102 18:47:51.514" level="INFO">Current page contains element 'xpath://a[@class='fright fs14 btn-secondary br2']//span[contains(text(),'Next')]'.</msg>
<msg timestamp="20230102 18:47:51.546" level="INFO">Clicking element 'xpath://a[@class='fright fs14 btn-secondary br2']//span[contains(text(),'Next')]'.</msg>
<msg timestamp="20230102 18:47:55.289" level="INFO">Executing JavaScript:
window.scrollTo(0,600)
Without any arguments.</msg>
<msg timestamp="20230102 18:47:55.311" level="INFO">Current page contains element 'xpath://a[@class='fright fs14 btn-secondary br2']//span[contains(text(),'Next')]'.</msg>
<msg timestamp="20230102 18:47:55.352" level="INFO">Clicking element 'xpath://a[@class='fright fs14 btn-secondary br2']//span[contains(text(),'Next')]'.</msg>
<msg timestamp="20230102 18:47:58.881" level="INFO">Executing JavaScript:
window.scrollTo(0,600)
Without any arguments.</msg>
<msg timestamp="20230102 18:47:58.912" level="INFO">Current page contains element 'xpath://a[@class='fright fs14 btn-secondary br2']//span[contains(text(),'Next')]'.</msg>
<msg timestamp="20230102 18:47:58.944" level="INFO">Clicking element 'xpath://a[@class='fright fs14 btn-secondary br2']//span[contains(text(),'Next')]'.</msg>
<msg timestamp="20230102 18:48:02.778" level="INFO">Executing JavaScript:
window.scrollTo(0,600)
Without any arguments.</msg>
<msg timestamp="20230102 18:48:02.807" level="INFO">Current page contains element 'xpath://a[@class='fright fs14 btn-secondary br2']//span[contains(text(),'Next')]'.</msg>
<msg timestamp="20230102 18:48:02.838" level="INFO">Clicking element 'xpath://a[@class='fright fs14 btn-secondary br2']//span[contains(text(),'Next')]'.</msg>
<msg timestamp="20230102 18:48:06.860" level="INFO">Executing JavaScript:
window.scrollTo(0,600)
Without any arguments.</msg>
<msg timestamp="20230102 18:48:06.889" level="INFO">Current page contains element 'xpath://a[@class='fright fs14 btn-secondary br2']//span[contains(text(),'Next')]'.</msg>
<msg timestamp="20230102 18:48:06.922" level="INFO">Clicking element 'xpath://a[@class='fright fs14 btn-secondary br2']//span[contains(text(),'Next')]'.</msg>
<msg timestamp="20230102 18:48:11.050" level="INFO">Executing JavaScript:
window.scrollTo(0,600)
Without any arguments.</msg>
<msg timestamp="20230102 18:48:11.085" level="INFO">Current page contains element 'xpath://a[@class='fright fs14 btn-secondary br2']//span[contains(text(),'Next')]'.</msg>
<msg timestamp="20230102 18:48:11.115" level="INFO">Clicking element 'xpath://a[@class='fright fs14 btn-secondary br2']//span[contains(text(),'Next')]'.</msg>
<msg timestamp="20230102 18:48:14.728" level="INFO">Executing JavaScript:
window.scrollTo(0,600)
Without any arguments.</msg>
<msg timestamp="20230102 18:48:14.756" level="INFO">Current page contains element 'xpath://a[@class='fright fs14 btn-secondary br2']//span[contains(text(),'Next')]'.</msg>
<msg timestamp="20230102 18:48:14.789" level="INFO">Clicking element 'xpath://a[@class='fright fs14 btn-secondary br2']//span[contains(text(),'Next')]'.</msg>
<msg timestamp="20230102 18:48:18.939" level="INFO">Executing JavaScript:
window.scrollTo(0,600)
Without any arguments.</msg>
<msg timestamp="20230102 18:48:18.971" level="INFO">Current page contains element 'xpath://a[@class='fright fs14 btn-secondary br2']//span[contains(text(),'Next')]'.</msg>
<msg timestamp="20230102 18:48:19.003" level="INFO">Clicking element 'xpath://a[@class='fright fs14 btn-secondary br2']//span[contains(text(),'Next')]'.</msg>
<msg timestamp="20230102 18:48:23.135" level="INFO">Executing JavaScript:
window.scrollTo(0,600)
Without any arguments.</msg>
<msg timestamp="20230102 18:48:23.166" level="INFO">Current page contains element 'xpath://a[@class='fright fs14 btn-secondary br2']//span[contains(text(),'Next')]'.</msg>
<msg timestamp="20230102 18:48:23.201" level="INFO">Clicking element 'xpath://a[@class='fright fs14 btn-secondary br2']//span[contains(text(),'Next')]'.</msg>
<msg timestamp="20230102 18:48:27.462" level="INFO">Executing JavaScript:
window.scrollTo(0,600)
Without any arguments.</msg>
<msg timestamp="20230102 18:48:27.492" level="INFO">Current page contains element 'xpath://a[@class='fright fs14 btn-secondary br2']//span[contains(text(),'Next')]'.</msg>
<msg timestamp="20230102 18:48:27.524" level="INFO">Clicking element 'xpath://a[@class='fright fs14 btn-secondary br2']//span[contains(text(),'Next')]'.</msg>
<msg timestamp="20230102 18:48:31.340" level="INFO">Executing JavaScript:
window.scrollTo(0,600)
Without any arguments.</msg>
<msg timestamp="20230102 18:48:31.360" level="INFO">Current page contains element 'xpath://a[@class='fright fs14 btn-secondary br2']//span[contains(text(),'Next')]'.</msg>
<msg timestamp="20230102 18:48:31.399" level="INFO">Clicking element 'xpath://a[@class='fright fs14 btn-secondary br2']//span[contains(text(),'Next')]'.</msg>
<msg timestamp="20230102 18:48:35.209" level="INFO">Executing JavaScript:
window.scrollTo(0,600)
Without any arguments.</msg>
<msg timestamp="20230102 18:48:35.239" level="INFO">Current page contains element 'xpath://a[@class='fright fs14 btn-secondary br2']//span[contains(text(),'Next')]'.</msg>
<msg timestamp="20230102 18:48:35.277" level="INFO">Clicking element 'xpath://a[@class='fright fs14 btn-secondary br2']//span[contains(text(),'Next')]'.</msg>
<msg timestamp="20230102 18:48:39.308" level="INFO">Executing JavaScript:
window.scrollTo(0,600)
Without any arguments.</msg>
<msg timestamp="20230102 18:48:39.335" level="INFO">Current page contains element 'xpath://a[@class='fright fs14 btn-secondary br2']//span[contains(text(),'Next')]'.</msg>
<msg timestamp="20230102 18:48:39.371" level="INFO">Clicking element 'xpath://a[@class='fright fs14 btn-secondary br2']//span[contains(text(),'Next')]'.</msg>
<msg timestamp="20230102 18:48:43.305" level="INFO">Executing JavaScript:
window.scrollTo(0,600)
Without any arguments.</msg>
<msg timestamp="20230102 18:48:43.335" level="INFO">Current page contains element 'xpath://a[@class='fright fs14 btn-secondary br2']//span[contains(text(),'Next')]'.</msg>
<msg timestamp="20230102 18:48:43.368" level="INFO">Clicking element 'xpath://a[@class='fright fs14 btn-secondary br2']//span[contains(text(),'Next')]'.</msg>
<msg timestamp="20230102 18:48:47.285" level="INFO">Executing JavaScript:
window.scrollTo(0,600)
Without any arguments.</msg>
<msg timestamp="20230102 18:48:47.306" level="INFO">Current page contains element 'xpath://a[@class='fright fs14 btn-secondary br2']//span[contains(text(),'Next')]'.</msg>
<msg timestamp="20230102 18:48:47.344" level="INFO">Clicking element 'xpath://a[@class='fright fs14 btn-secondary br2']//span[contains(text(),'Next')]'.</msg>
<msg timestamp="20230102 18:48:51.493" level="INFO">Executing JavaScript:
window.scrollTo(0,600)
Without any arguments.</msg>
<msg timestamp="20230102 18:48:51.520" level="INFO">Current page contains element 'xpath://a[@class='fright fs14 btn-secondary br2']//span[contains(text(),'Next')]'.</msg>
<msg timestamp="20230102 18:48:51.553" level="INFO">Clicking element 'xpath://a[@class='fright fs14 btn-secondary br2']//span[contains(text(),'Next')]'.</msg>
<msg timestamp="20230102 18:48:55.818" level="INFO">Executing JavaScript:
window.scrollTo(0,600)
Without any arguments.</msg>
<msg timestamp="20230102 18:48:55.851" level="INFO">Current page contains element 'xpath://a[@class='fright fs14 btn-secondary br2']//span[contains(text(),'Next')]'.</msg>
<msg timestamp="20230102 18:48:55.884" level="INFO">Clicking element 'xpath://a[@class='fright fs14 btn-secondary br2']//span[contains(text(),'Next')]'.</msg>
<msg timestamp="20230102 18:49:00.234" level="INFO">Executing JavaScript:
window.scrollTo(0,600)
Without any arguments.</msg>
<msg timestamp="20230102 18:49:00.266" level="INFO">Current page contains element 'xpath://a[@class='fright fs14 btn-secondary br2']//span[contains(text(),'Next')]'.</msg>
<msg timestamp="20230102 18:49:00.310" level="INFO">Clicking element 'xpath://a[@class='fright fs14 btn-secondary br2']//span[contains(text(),'Next')]'.</msg>
<msg timestamp="20230102 18:49:04.419" level="INFO">Executing JavaScript:
window.scrollTo(0,600)
Without any arguments.</msg>
<msg timestamp="20230102 18:49:04.459" level="INFO">Current page contains element 'xpath://a[@class='fright fs14 btn-secondary br2']//span[contains(text(),'Next')]'.</msg>
<msg timestamp="20230102 18:49:04.493" level="INFO">Clicking element 'xpath://a[@class='fright fs14 btn-secondary br2']//span[contains(text(),'Next')]'.</msg>
<msg timestamp="20230102 18:49:08.584" level="INFO">Executing JavaScript:
window.scrollTo(0,600)
Without any arguments.</msg>
<msg timestamp="20230102 18:49:08.615" level="INFO">Current page contains element 'xpath://a[@class='fright fs14 btn-secondary br2']//span[contains(text(),'Next')]'.</msg>
<msg timestamp="20230102 18:49:08.648" level="INFO">Clicking element 'xpath://a[@class='fright fs14 btn-secondary br2']//span[contains(text(),'Next')]'.</msg>
<msg timestamp="20230102 18:49:12.998" level="INFO">Executing JavaScript:
window.scrollTo(0,600)
Without any arguments.</msg>
<msg timestamp="20230102 18:49:13.034" level="INFO">Current page contains element 'xpath://a[@class='fright fs14 btn-secondary br2']//span[contains(text(),'Next')]'.</msg>
<msg timestamp="20230102 18:49:13.066" level="INFO">Clicking element 'xpath://a[@class='fright fs14 btn-secondary br2']//span[contains(text(),'Next')]'.</msg>
<msg timestamp="20230102 18:49:17.181" level="INFO">Executing JavaScript:
window.scrollTo(0,600)
Without any arguments.</msg>
<msg timestamp="20230102 18:49:17.211" level="INFO">Current page contains element 'xpath://a[@class='fright fs14 btn-secondary br2']//span[contains(text(),'Next')]'.</msg>
<msg timestamp="20230102 18:49:17.246" level="INFO">Clicking element 'xpath://a[@class='fright fs14 btn-secondary br2']//span[contains(text(),'Next')]'.</msg>
<msg timestamp="20230102 18:49:21.042" level="INFO">Executing JavaScript:
window.scrollTo(0,600)
Without any arguments.</msg>
<msg timestamp="20230102 18:49:21.071" level="INFO">Current page contains element 'xpath://a[@class='fright fs14 btn-secondary br2']//span[contains(text(),'Next')]'.</msg>
<msg timestamp="20230102 18:49:21.102" level="INFO">Clicking element 'xpath://a[@class='fright fs14 btn-secondary br2']//span[contains(text(),'Next')]'.</msg>
<msg timestamp="20230102 18:49:25.601" level="INFO">Executing JavaScript:
window.scrollTo(0,600)
Without any arguments.</msg>
<msg timestamp="20230102 18:49:25.634" level="INFO">Current page contains element 'xpath://a[@class='fright fs14 btn-secondary br2']//span[contains(text(),'Next')]'.</msg>
<msg timestamp="20230102 18:49:25.671" level="INFO">Clicking element 'xpath://a[@class='fright fs14 btn-secondary br2']//span[contains(text(),'Next')]'.</msg>
<msg timestamp="20230102 18:49:29.880" level="INFO">Executing JavaScript:
window.scrollTo(0,600)
Without any arguments.</msg>
<msg timestamp="20230102 18:49:29.918" level="INFO">Current page contains element 'xpath://a[@class='fright fs14 btn-secondary br2']//span[contains(text(),'Next')]'.</msg>
<msg timestamp="20230102 18:49:29.952" level="INFO">Clicking element 'xpath://a[@class='fright fs14 btn-secondary br2']//span[contains(text(),'Next')]'.</msg>
<msg timestamp="20230102 18:49:33.779" level="INFO">Executing JavaScript:
window.scrollTo(0,600)
Without any arguments.</msg>
<msg timestamp="20230102 18:49:33.814" level="INFO">Current page contains element 'xpath://a[@class='fright fs14 btn-secondary br2']//span[contains(text(),'Next')]'.</msg>
<msg timestamp="20230102 18:49:33.847" level="INFO">Clicking element 'xpath://a[@class='fright fs14 btn-secondary br2']//span[contains(text(),'Next')]'.</msg>
<msg timestamp="20230102 18:49:38.383" level="INFO">Executing JavaScript:
window.scrollTo(0,600)
Without any arguments.</msg>
<msg timestamp="20230102 18:49:38.417" level="INFO">Current page contains element 'xpath://a[@class='fright fs14 btn-secondary br2']//span[contains(text(),'Next')]'.</msg>
<msg timestamp="20230102 18:49:38.451" level="INFO">Clicking element 'xpath://a[@class='fright fs14 btn-secondary br2']//span[contains(text(),'Next')]'.</msg>
<msg timestamp="20230102 18:49:42.164" level="INFO">Executing JavaScript:
window.scrollTo(0,600)
Without any arguments.</msg>
<msg timestamp="20230102 18:49:42.199" level="INFO">Current page contains element 'xpath://a[@class='fright fs14 btn-secondary br2']//span[contains(text(),'Next')]'.</msg>
<msg timestamp="20230102 18:49:42.230" level="INFO">Clicking element 'xpath://a[@class='fright fs14 btn-secondary br2']//span[contains(text(),'Next')]'.</msg>
<msg timestamp="20230102 18:49:45.813" level="INFO">Executing JavaScript:
window.scrollTo(0,600)
Without any arguments.</msg>
<msg timestamp="20230102 18:49:45.847" level="INFO">Current page contains element 'xpath://a[@class='fright fs14 btn-secondary br2']//span[contains(text(),'Next')]'.</msg>
<msg timestamp="20230102 18:49:45.883" level="INFO">Clicking element 'xpath://a[@class='fright fs14 btn-secondary br2']//span[contains(text(),'Next')]'.</msg>
<msg timestamp="20230102 18:49:50.072" level="INFO">Executing JavaScript:
window.scrollTo(0,600)
Without any arguments.</msg>
<msg timestamp="20230102 18:49:50.108" level="INFO">Current page contains element 'xpath://a[@class='fright fs14 btn-secondary br2']//span[contains(text(),'Next')]'.</msg>
<msg timestamp="20230102 18:49:50.141" level="INFO">Clicking element 'xpath://a[@class='fright fs14 btn-secondary br2']//span[contains(text(),'Next')]'.</msg>
<msg timestamp="20230102 18:49:54.153" level="INFO">Executing JavaScript:
window.scrollTo(0,600)
Without any arguments.</msg>
<msg timestamp="20230102 18:49:54.193" level="INFO">Current page contains element 'xpath://a[@class='fright fs14 btn-secondary br2']//span[contains(text(),'Next')]'.</msg>
<msg timestamp="20230102 18:49:54.225" level="INFO">Clicking element 'xpath://a[@class='fright fs14 btn-secondary br2']//span[contains(text(),'Next')]'.</msg>
<msg timestamp="20230102 18:49:58.708" level="INFO">Executing JavaScript:
window.scrollTo(0,600)
Without any arguments.</msg>
<msg timestamp="20230102 18:49:58.740" level="INFO">Current page contains element 'xpath://a[@class='fright fs14 btn-secondary br2']//span[contains(text(),'Next')]'.</msg>
<msg timestamp="20230102 18:49:58.776" level="INFO">Clicking element 'xpath://a[@class='fright fs14 btn-secondary br2']//span[contains(text(),'Next')]'.</msg>
<msg timestamp="20230102 18:50:03.265" level="INFO">Executing JavaScript:
window.scrollTo(0,600)
Without any arguments.</msg>
<msg timestamp="20230102 18:50:03.286" level="INFO">Current page contains element 'xpath://a[@class='fright fs14 btn-secondary br2']//span[contains(text(),'Next')]'.</msg>
<msg timestamp="20230102 18:50:03.329" level="INFO">Clicking element 'xpath://a[@class='fright fs14 btn-secondary br2']//span[contains(text(),'Next')]'.</msg>
<msg timestamp="20230102 18:50:07.213" level="INFO">Executing JavaScript:
window.scrollTo(0,600)
Without any arguments.</msg>
<msg timestamp="20230102 18:50:07.225" level="INFO">Current page contains element 'xpath://a[@class='fright fs14 btn-secondary br2']//span[contains(text(),'Next')]'.</msg>
<msg timestamp="20230102 18:50:07.272" level="INFO">Clicking element 'xpath://a[@class='fright fs14 btn-secondary br2']//span[contains(text(),'Next')]'.</msg>
<msg timestamp="20230102 18:50:11.378" level="INFO">Executing JavaScript:
window.scrollTo(0,600)
Without any arguments.</msg>
<msg timestamp="20230102 18:50:11.390" level="INFO">Current page contains element 'xpath://a[@class='fright fs14 btn-secondary br2']//span[contains(text(),'Next')]'.</msg>
<msg timestamp="20230102 18:50:11.438" level="INFO">Clicking element 'xpath://a[@class='fright fs14 btn-secondary br2']//span[contains(text(),'Next')]'.</msg>
<msg timestamp="20230102 18:50:15.927" level="INFO">Executing JavaScript:
window.scrollTo(0,600)
Without any arguments.</msg>
<msg timestamp="20230102 18:50:15.963" level="INFO">Current page contains element 'xpath://a[@class='fright fs14 btn-secondary br2']//span[contains(text(),'Next')]'.</msg>
<msg timestamp="20230102 18:50:15.995" level="INFO">Clicking element 'xpath://a[@class='fright fs14 btn-secondary br2']//span[contains(text(),'Next')]'.</msg>
<msg timestamp="20230102 18:50:20.102" level="INFO">Executing JavaScript:
window.scrollTo(0,600)
Without any arguments.</msg>
<msg timestamp="20230102 18:50:20.132" level="INFO">Current page contains element 'xpath://a[@class='fright fs14 btn-secondary br2']//span[contains(text(),'Next')]'.</msg>
<msg timestamp="20230102 18:50:20.169" level="INFO">Clicking element 'xpath://a[@class='fright fs14 btn-secondary br2']//span[contains(text(),'Next')]'.</msg>
<msg timestamp="20230102 18:50:23.982" level="INFO">Executing JavaScript:
window.scrollTo(0,600)
Without any arguments.</msg>
<msg timestamp="20230102 18:50:24.013" level="INFO">Current page contains element 'xpath://a[@class='fright fs14 btn-secondary br2']//span[contains(text(),'Next')]'.</msg>
<msg timestamp="20230102 18:50:24.048" level="INFO">Clicking element 'xpath://a[@class='fright fs14 btn-secondary br2']//span[contains(text(),'Next')]'.</msg>
<msg timestamp="20230102 18:50:27.972" level="INFO">Executing JavaScript:
window.scrollTo(0,600)
Without any arguments.</msg>
<msg timestamp="20230102 18:50:28.007" level="INFO">Current page contains element 'xpath://a[@class='fright fs14 btn-secondary br2']//span[contains(text(),'Next')]'.</msg>
<msg timestamp="20230102 18:50:28.037" level="INFO">Clicking element 'xpath://a[@class='fright fs14 btn-secondary br2']//span[contains(text(),'Next')]'.</msg>
<msg timestamp="20230102 18:50:32.440" level="INFO">Executing JavaScript:
window.scrollTo(0,600)
Without any arguments.</msg>
<msg timestamp="20230102 18:50:32.476" level="INFO">Current page contains element 'xpath://a[@class='fright fs14 btn-secondary br2']//span[contains(text(),'Next')]'.</msg>
<msg timestamp="20230102 18:50:32.507" level="INFO">Clicking element 'xpath://a[@class='fright fs14 btn-secondary br2']//span[contains(text(),'Next')]'.</msg>
<msg timestamp="20230102 18:50:36.391" level="INFO">Executing JavaScript:
window.scrollTo(0,600)
Without any arguments.</msg>
<msg timestamp="20230102 18:50:36.427" level="INFO">Current page contains element 'xpath://a[@class='fright fs14 btn-secondary br2']//span[contains(text(),'Next')]'.</msg>
<msg timestamp="20230102 18:50:36.459" level="INFO">Clicking element 'xpath://a[@class='fright fs14 btn-secondary br2']//span[contains(text(),'Next')]'.</msg>
<msg timestamp="20230102 18:50:40.340" level="INFO">Executing JavaScript:
window.scrollTo(0,600)
Without any arguments.</msg>
<msg timestamp="20230102 18:50:40.353" level="INFO">Current page contains element 'xpath://a[@class='fright fs14 btn-secondary br2']//span[contains(text(),'Next')]'.</msg>
<msg timestamp="20230102 18:50:40.401" level="INFO">Clicking element 'xpath://a[@class='fright fs14 btn-secondary br2']//span[contains(text(),'Next')]'.</msg>
<msg timestamp="20230102 18:50:44.565" level="INFO">Executing JavaScript:
window.scrollTo(0,600)
Without any arguments.</msg>
<msg timestamp="20230102 18:50:44.599" level="INFO">Current page contains element 'xpath://a[@class='fright fs14 btn-secondary br2']//span[contains(text(),'Next')]'.</msg>
<msg timestamp="20230102 18:50:44.632" level="INFO">Clicking element 'xpath://a[@class='fright fs14 btn-secondary br2']//span[contains(text(),'Next')]'.</msg>
<msg timestamp="20230102 18:50:48.200" level="INFO">Executing JavaScript:
window.scrollTo(0,600)
Without any arguments.</msg>
<msg timestamp="20230102 18:50:48.236" level="INFO">Current page contains element 'xpath://a[@class='fright fs14 btn-secondary br2']//span[contains(text(),'Next')]'.</msg>
<msg timestamp="20230102 18:50:48.267" level="INFO">Clicking element 'xpath://a[@class='fright fs14 btn-secondary br2']//span[contains(text(),'Next')]'.</msg>
<msg timestamp="20230102 18:50:51.975" level="INFO">Executing JavaScript:
window.scrollTo(0,600)
Without any arguments.</msg>
<msg timestamp="20230102 18:50:52.011" level="INFO">Current page contains element 'xpath://a[@class='fright fs14 btn-secondary br2']//span[contains(text(),'Next')]'.</msg>
<msg timestamp="20230102 18:50:52.045" level="INFO">Clicking element 'xpath://a[@class='fright fs14 btn-secondary br2']//span[contains(text(),'Next')]'.</msg>
<msg timestamp="20230102 18:50:55.848" level="INFO">Executing JavaScript:
window.scrollTo(0,600)
Without any arguments.</msg>
<msg timestamp="20230102 18:50:55.888" level="INFO">Current page contains element 'xpath://a[@class='fright fs14 btn-secondary br2']//span[contains(text(),'Next')]'.</msg>
<msg timestamp="20230102 18:50:55.920" level="INFO">Clicking element 'xpath://a[@class='fright fs14 btn-secondary br2']//span[contains(text(),'Next')]'.</msg>
<msg timestamp="20230102 18:50:59.372" level="INFO">Executing JavaScript:
window.scrollTo(0,600)
Without any arguments.</msg>
<msg timestamp="20230102 18:50:59.384" level="INFO">Current page contains element 'xpath://a[@class='fright fs14 btn-secondary br2']//span[contains(text(),'Next')]'.</msg>
<msg timestamp="20230102 18:50:59.429" level="INFO">Clicking element 'xpath://a[@class='fright fs14 btn-secondary br2']//span[contains(text(),'Next')]'.</msg>
<msg timestamp="20230102 18:51:03.591" level="INFO">Executing JavaScript:
window.scrollTo(0,600)
Without any arguments.</msg>
<msg timestamp="20230102 18:51:03.611" level="INFO">Current page contains element 'xpath://a[@class='fright fs14 btn-secondary br2']//span[contains(text(),'Next')]'.</msg>
<msg timestamp="20230102 18:51:03.771" level="INFO">----------------------------------------------------------------
true
None
20
SDET / QA Engineer
Participate in user story analysis and in defining acceptance criteria, including non-f...
Trimble
Quality Engineer - Manual
Bachelor s degree in Computer Science or equivalent experience Minimum 3 years of exper...
Ecolab Digital Center (EDC)
Intern
Skills Required Hands-on experience writing scripts, ability to code and debug A strong...
Hexagon Capability Center India Pvt.Ltd.
test job_keka_1
test description
ashutosh
SQA Validation Engineer (Medical Domain)
Qualification : MTech/BE/BTech in Electronics Communication Engineering, Computer Scien...
Applycup Hiring Solutions Llp
Software Engineer 1 - Automation
Essential Requirements 1 to 3 years of relevant experience or equivalent combination of...
Dell Technologies
Quality and Test Automation Practitioner
Research tools and technologies to assist the Quality Assurance process and the test au...
Experian PLC
Software Tester
Good communication and co-ordination skillsGood programming and logical skillsPositive ...
Appscrip
Test Automation Engineer
In depth knowledge of software test and automation methodologies requir- Must be able t...
RCPC
Member Technical
1 to 3 years of good Selenium with Java automation experience. Able to develop and impl...
Skillety
Junior Automation Test Engineer
Must have knowledge of developing automated tests suite for API an Web based applicatio...
Innomech Technologies
Windows Test Automation Engineer
Proficient written and verbal communications skills 1 to 3 years Experience with Python...
Qcom
Software Test Engineer
Greetings from Allegion. We have openings for Software Test Engineer at our Bangalore o...
Allegion
Python Automation Engineer
4 years of experience
Encora
Engineer II - Validation
Requires Bachelors or Master degree in Computer Science or Engineering 2-4 years experi...
V Group
Python Automation Developer
Develop Test tools and Test framework required for testing Has 1-3 years of experience ...
Varite
Software Engineer 1 - IT
Designs, codes, tests, debugs and documents software according to client systems qualit...
Varite
Software Engineer 1 - IT
BE / B Tech or ME / M Tech / MCA Proficient in reading and understanding technical data...
Varite
QA Automation Engineer
What you will do: Designing and developing automated test cases to develop in Python fr...
Parallelstack Sytems
True
None
20
Mobile Automation - SDET
written), interpersonal and problem solving skills Experience with SQL and MySQL a grea...
Bigbasket
Android Automation testing
Skills Required Should have programming and scripting knowledge in technologies like Py...
Tech Highbrows Software Solutions
Automation Tester
Test Automation Engineer Requirements: Bachelors degree in computer science, software d...
SuccessR Hrtech Pvt Ltd
Testing Engineer
Designation: Testing EngineerNo of openings: 5 positionsInterview Mode: Offlinerounds: ...
Cglia Solutions Llp
Senior Member Technical
Knowledge of securities processing business is preferred Experience in creating detaile...
Broadridge
Junior QA Analyst
Must have minimum 1 year of experience with Selenium Analysing the feature requirement ...
RIG Enterprise Applications
Automation tester
o Hands on experience with Java preferred o API Testing experience (Rest Assured prefer...
Skillety
Automation Tester
1 - 3 years or / 3 to 5 years of Strong Quality Assurance experience Schedules and exec...
Skillety
Windows Test Automation Engineer
Education requirements: Bachelors degree in Engineering, Information Systems, Computer ...
Qualcomm Technologies, Inc
Jr . QA Engineer
Required Skills Recommend improvements in software to enhance user experience Good to h...
Cognizer
Engineer II, System Verification
Well-rounded experience with multiple operating systems (Windows and Mac) Experience wi...
Shure Incorporated
QA Automation Engineer
Experience with SQL Server including database creation and management1 - 3 years of fun...
Savigent Software
SDET-1
Here s what we are looking for: Bachelor s degree (or higher) in computer science Minim...
Acko
Test Automation Engineer
0 - 5 years of experience in Design, Development and Maintenance of web automated test ...
Castlight Health
Sr/Lead SDET - API
Job Location: Hyderabad, Bangalore, Gurgaon, Pune, Mumbai - India (Hybrid Mode) Educati...
Unify Technologies
Automation Test Engineer
o Sound knowledge of the software testing life cycle o Strong experience in test automa...
Attra
Automation Test Engineer - Java / Selenium
- Java, Selenium, Jira, Manual, Test CasesAs mentioned earlier, there are many roles an...
Prime Infosoft
Quality Assurance Lead/Manager - Automation Testing
Should be able to execute tests on Jenkins, and fetch reports Should have installed the...
Prime Infosoft
Qa Automation Lead
C#, knowledge of Software Test / Quality Assurance methodologies and the application of...
Birlasoft
True
None
20
Senior Quality Analyst_Kolkata/Bangalore/Hyderabad/Chennai (8-10 years
Telecom Domain experience in Testing Experience Range - 8-10 yearsAutomation Testing ex...
Tata Consultancy Services (TCS)
Software Test Engineer
Location - Bangalore &amp; Mumbai (Work from Office Only) Good understanding of LOS / LMS d...
Eleserv Softech
IT Testing Professional
Bachelor of Engineering Experience in developing test cases and test plans
Infosys
IT Testing Professional
Bachelor of Engineering You will create requirement specifications from the business ne...
Infosys
IT Testing Professional
Bachelor of Engineering Experience in developing test cases and test plans
Infosys
Software Engineer , Associate
You ll be working within a feature team and using extensive experience to engineer soft...
NatWest Markets
Automation Test Engineer
Any Graduate in Computer Science with at least 2-4 years of hands-on experience in Auto...
Kaaspro Enterprises
QA Engineer
Required Technical and Professional Expertise Preferred Technical and Professional Expe...
IBM
Java/Selenium/API Automation
3 must haves Experience in BDD framework, cucumber / karate
Qualitest
Automation tester (python Selenium)
Must-Have Skills 1. Demonstrated experience in writing /updating tests based on require...
Qualitest
Mobile Automation Engineer
Key Skills: Appium or similar automation framework Typescript/JavaScript Functional tes...
job Store Consulting
Automation Test Lead
ISEB / ISTQB certified candidate with demonstrable professional testing experience with...
Unisys
Lead Quality Assurance Engineer
As a Lead Quality Assurance Engineer, You will utilize superior knowledge and experienc...
Opentext Technologies India
SDET - Python Automation
Bachelors Degree in Computer Science or related stream Working as part of the Engineeri...
Nutanix
Go lang Testers in Blr/Chennai (Early/Immediate Joiners Preferred)
Experience with microservices based testing and GRPCExperience in golangExperience with...
Careerdost Enterprise
Senior Software Automation Engineer
4 or more years of relevant experience working in test automation. Experience with a wi...
Sebone Technologies
Associate Test Automation Consultant
Boeing India is currently seeking an Associate Test Automation Consultant to join the p...
Boeing
Test Automation Developer
Work with developers and product managers to understand the requirement, identify and d...
Digitalxc.com
Automation Testing
Must have 6-9 years of Overall experience in UI and API Automation testing Hands-on exp...
Tredence
True
None
20
Quality Assurance Engineer
Our mission is always to be student-first. As a tech-based student admissions platform,...
Leverage Edu
IRC - Automation QA Professional
Experience in executing test cases, test data, test runs, and test results that provide...
Globallogic
Testing Engineer - Permanent Third party Payroll
Skills Requirements: A bachelors degree in computer science or related fieldGood organi...
Successr Hr Tech
QA Automation Testing professional
Please find the below JD:-Role: QA Automation TestingKey Skills: Java, Selenium, SQLTec...
Encora
Quality Assurance Software Engineer - Automation Testing
Required Experience: 1 to 3 yearsShould have experience in any Automation Tool(J meter)...
Clover It Services
IT Testing professional
Bachelor of Engineering You will create requirement specifications from the business ne...
Infosys
QA Automation Engineer
Bachelors degree and diverse experience in Information Technology with emphasis on Qual...
Numentica
QA - Python
Required Tool - Putty, Selenium We need Automation of server side linux command Windows...
Acenet
Senior Automation Test Engineer
Good knowledge on Java in object-oriented design, data structures, algorithms for commo...
Qualitrix Technologies
API Automation + Python
Bachelors degree in computer science, computer engineering, or a related fieldExperienc...
Globallogic
UI Automation + Java
Bachelors degree in computer science, computer engineering, or a related fieldExperienc...
Globallogic
QA Automation Virtualization
Roles and Responsibilities Mandatory: Overall experience must be 6 to 8At least three y...
Maplelabs Solutions
Experienced - Test Automation Consultant
Experienced - Test Automation consultantto join their team in Bangalore, India.Position...
Boeing
Sr. Test Engineer / Test Lead
Greetings from Encora Innovation Labs! A leading world class product Engineering Compan...
Encora
Urgent Requirement || QA - C#, Nunit
Experience with NUnit type frameworks(must have) Technical knowledge of the least one m...
Infogain
Infogain India is Hiring For C# Automation QA
should be able to write query usin sqlshould have good analytical skillsshould be well ...
Infogain
Python QA Automation Opening with MSys Technologies
5+ years candidate having experience below primary skills Hands on experience on differ...
MSys Technologies
Python QA Automation Opening with MSys Technologies
5+ years candidate having experience below primary skills Hands on experience on differ...
MSys Technologies
Functional Tester
Must have worked on ERP Software Testing, Business Web Application TestingExperience in...
Easy Data Analytics
True
None
20
Qa Automation Testing Engineer
Their goal is to automate as much of the testing effort as possible with a minimum set ...
Movate Technologies
Python QA Automation Opening with MSys Technologies
5+ years candidate having experience below primary skills Hands on experience on differ...
MSys Technologies
Python QA Automation Opening with MSys Technologies
5+ years candidate having experience below primary skills Hands on experience on differ...
MSys Technologies
Senior Qa Engineer
Expertise in automated test script development using any languages - preferably Java / ...
Cloud Angles Digital Transformation
Test Engineer
Position Details Total Experience2 5 Years Engineer Primary Skills1. Hands on experienc...
Capgemini
Qa Automation Testing Engineer
We are looking for the Quality Assurance Engineer (Manual or Automation Testing) who ca...
Tekizma Inc
QA Automation-Project Lead
Must have been involved in software testing cycles with enterprise web-based productsEx...
Axtria-Ingenious Insights
Software Tester - SAP FI
Able to demonstrate strong analytical skills with experience of complex problem solving...
Shell
QA Automation Engineer - Selenium / Appium
Our QA team is growing and needs someone who is laser-focused on raising the software q...
Benchire
Senior SDET
Must be an effective written and spoken communicator with staff and managementBachelors...
Nextgen Healthcare
Automation testers
Demonstrated experience with an automated testing framework to generate test scripts Un...
Devoint It Solutions
Network Automation Consultant
Very good analytical/problem solving skills, Good expertise in software programming, ob...
Vertexplus Technologies
Networking - QA Python Automation
Overall experience must be between 3 to 8 yearsAt least three years of extensive experi...
Maplelabs Solutions
Virtualization - QA Python Automation
Overall experience must be between 3 to 8 yearsAt least three years of extensive experi...
Maplelabs Solutions
Storage - QA Python Automation Testing
Overall experience must be between 3 to 8 yearsAt least three years of extensive experi...
Maplelabs Solutions
Python QA Automation- Storage
Roles and Responsibilities Mandatory:Overall experience must be 3 to 8At least three ye...
Maplelabs Solutions
HCL Software Hiring Mainframe tester For Bangalore location
Should have experience on performing smoke, functional, regression and user acceptance ...
HCLTech
Automation Test Engineer
Having both UI and Mobile App testing experience (Android and iOS) and preferably in Ap...
Xoriant
QA - Automation Engineer
We are looking for QA Automation Engineer, having 5+ years of experience in Software Qu...
Veripark
True
None
20
QA Engineer
A good understanding of selenium automation for Android and WebA good understanding of ...
Mobiotics
Senior Automation Engineer
Good scripting skills on ANT and/or Maven, Shell, PowerShell, and Perl / Strong Debuggi...
MyCityBanglore 
Automation Test Enginner
Good understanding of OOPS, Microservice testing, Docker, Jenkins, Open Shift Must have...
Paychex It Solutions Inida
Automation Test Engineer I
1+ years of experience in Automation testing Must have hands on coding experience in Ja...
Paychex It Solutions Inida
Automation Test Enginner
3+ years of experience in Automation testing Must have hands on coding experience in Ja...
Paychex It Solutions Inida
Test Automation Engineer
You as Test Automation Engineer will be part of Hitachi Energy business-based Bangalore...
Hitachi Energy
Network Testing (L2 and L3 protocols)
Manual QA and Automation - Python (Regression, Integration) L2 Protocol Testing (VLAN, ...
Leventm Technologies
Automation Test Engineer
Greetings, TCS is looking for Automation Test Engineer for Bangalore location.Experienc...
Tata Consultancy Services (TCS)
Senior Quality Assurance Engineer
What You Will Do...Test the performance and robustness of the product to help determini...
Cloudbloom Systems
Test Automation
Strong experience with Typescript and Javascript Experience with testing tools such as ...
Simptel India
QE Automation Engineer - Performance
Pursuing the highest quality of all SUSE products is one of our core beliefs. As Linux ...
Suse Software Solutions India
Qa Engineer
Dear All, Greetings...!!We are internally hiring for QA Engineer on Immediate basis. In...
Valuelabs
Senior Software Engineer
Good analytical and problem solving skills Skills Required Hands on experience in Coded...
Hexagon Capability Center India Pvt.Ltd.
Senior Software Validation Engineer
Job Summary: As Senior Software Quality and Test Engineer, you will be responsible for ...
Calyx
API Automation Engineers and Leads
Job Position: API Automation Engineers and LeadsExp: 5- 10 yearsLocation: Gurugram / Hy...
GSPANN
C# Automation Engineers
Job Position: C# Automation Engineers Exp: 5- 9 years Location: Gurugram/Hyderabad/Pune...
GSPANN
QA Automation - Automation, Selenium, Java, Cucumber, Cypress, Mocha
QA Automation EngineerReporting to: Principal Architect &amp; Director of EngineeringDepart...
Gaian Solutions
IT Testing Professional
Bachelor of Engineering You will create requirement specifications from the business ne...
Infosys
Pega Automation Testing Professional
Experience with testing big enterprise, high-traffic and multi-tier applications using ...
Mindtree
True
None
20
Qa Automation Engineer
The QA Automation Engineer will collaborate closely with the engineering teams and evan...
Evolutyz It Services
Senior Automation Test Engineer/Lead Test Engineer
5+ of years must be in AutomationAbility to create good acceptance and integration test...
Electrifai Technology Solutions
Senior QA Engineer
Must have hands-on exp in Manual &amp; Automation exp: 4+yrs of hands-on exp as a QA Engineer
Renoirce Technologies
Salesforce Quality Engineer
Designation: Salesforce Quality EngineersQualification: Bachelors degree in computer sc...
Itsoli
Automation Test Engineer
Automation Engineer with 5+ years of experience Hands on experience in JavaScript and J...
Cigniti Technologies
Oracle FCIS Automation Tester - WFH.
Position Name : Oracle FCIS Automation Tester.Experience: 3+ yearsWork Location: WFH (B...
Valuelabs
Automation Test Engineer
Analyzing business requirement in order to determine the test strategy covered by autom...
CA One Tech
Java Automation
Telecom / Datacom domain experience is desiredMinimum Experience 6+ Years exp, Preferre...
Blue Ocean
Automation Test Engineer
Experience: 5+Years
Ramer Software Solutions
Senior Quality Engineer
Understanding on Cloud preferably with AWS or Azure would be an added advantageShould h...
Impetus Infotech
Senior QA Automation Engineer
VCO Systems is seeking Senior QA Automation Engineer to provide technical leadership fo...
VCO Systems
Senior Quality Assurance Engineer
Providing expertise in Design, Architecture, Development, Continuous Integration and De...
FabHotels
Quality Assurance Engineering Specialist
Providing expertise in Design, Architecture, Development, Continuous Integration and De...
FabHotels
Quality Assurance Engineer
Providing expertise in Design, Architecture, Development, Continuous Integration and De...
FabHotels
Quality Assurance Engineer
Providing expertise in Design, Architecture, Development, Continuous Integration and De...
FabHotels
Trainee SDET - QA
Individual will work in Engineering RD team and will have responsibilities in wider are...
Riversand Technologies, Inc.
Quality Assurance Engineer (Automation Testing, Java, Selenium, API)
As a Quality Assurance Engineer, you will be responsible for: Providing expertise in De...
Baker Hughes
Quality Assurance Engineer (Automation Testing, Java, Selenium, API)
As a Quality Assurance Engineer, you will be responsible for: Providing expertise in De...
Baker Hughes
QA Tester - Salesforce
Prepare the test cases from the use cases/User stories Identify test data requirement U...
AT and T Global Business Services India P. Ltd.
True
None
20
Sr. Engineer
Be an evangelist for Quality and automated testing for bothfunctional and non-functiona...
Nextgen Healthcare
L2/L3 Testing / Datacom Testing
Hands on experience on L2&amp;L3 protocols testing Test Automation, Python, pytest ( mandat...
Harf It Solutions
HIL Testing
Required Skillset:Has good exposure on dSpace/ETAS/VT Systems HiL setupsHas good exposu...
Capgemini
Software Senior Engineer - BIOS Automation
Join us as a Software Senior Engineer on our Client Product Group team in Bangalore to ...
Dell Technologies
QA Automation
1.Strong in Core JAVA 2.Good hands-on exp in API Automation (must have) 3.Exp in BDD Cu...
Rarr Technologies
Senior Automation Test Engineer
The primary role of Engineering function within Product Development team is to create s...
Bright Tree Technologies
Automation Test Engineer
The primary role of Engineering function within Product Development team is to create s...
Bright Tree Technologies
Sr . QA Automation
1. Around 5 - 6 years experience in test automation. 2. Experience in Cypress and Cucum...
Tarento Technologies
Test Architect - Automation
As an Automation Architect who is passionate about seeing customer succeeded and ensuri...
AT and T Global Business Services India P. Ltd.
Software Senior Engineer - BIOS Automation
Software Senior EngineerJoin us as a Software Senior Engineer on our Client Product Gro...
Dell Technologies
Software Engineer 2 - BIOS Automation
Join us as a Software Engineer 2 on our Client Product Group team in Bangalore to do th...
Dell Technologies
Senior SDET
Understanding the requirement, performing analysis from coverage and impact perspective...
Aidash Systems
Software QA Engiineer
B.tech preferably in Electronics &amp; Comm. Excellent knowledge with Python, Signals and S...
Nippon Data Systems
IT Testing Professional
Bachelor of Engineering You will create requirement specifications from the business ne...
Infosys
IT Testing Professional
Bachelor of Engineering Experience in developing test cases and test plans
Infosys
IT Testing Professional
Bachelor of Engineering Experience in developing test cases and test plans
Infosys
Software Quality Senior Engineer
Join us as a Software Quality Senior Engineer on our Edge Platform Software team in Ban...
Dell Technologies
IT Testing professional
Bachelor of Engineering Experience in developing test cases and test plans
Infosys
Software Quality Analyst
Proven work experience in software quality assurance Hands-on experience with automated...
Radiansys
True
None
20
Automation Engineer Fresher
IMMEDIATE JOINERS ONLYESSENTIAL REQUIREMENTS FOR THE POSITIONWorking experience or good...
Infiwave Solutions
Urgent Requirement- Test Automation( Preferred- Immediate Joiners)
We are urgently looking for Test Automation Professionals (Preferred Immediate Joiners)...
CresTech Software Systems
Software Test Engineer | Encora Innovation Labs
Location : BangaloreNotice period : Immediate - 15daysHybrid ModeExp : 6+years About Co...
Encora
Senior Test Engineer
Who are we looking forStrong Manual testing experience professional across testing life...
Mphasis
Junior Test Engineer
2 years of proven work experience in software testing or similar role (both Manual &amp; Au...
Coddle Technologies
Associate Automation Test Engineer
Associate Automation Test EngineerBengaluru, KarnatakaBenefitsCompensation&amp; IncentivesL...
Boeing
Selenium Testing Professional
Having experience in REST Request / JDBC Request Property Usage / Transfer Data Sources...
Golden Opportunities
MF- Python QA - Professional
Should have good Exposure in Automation Testing Should be good in Python , Selenium Goo...
Encora
Associate Test Automation Engineer
Bachelor) and typically 5 or more years related work experience or an equivalent combin...
Boeing
Automation Test Engineer
Experience in defining, reviewing various Functional, and Non-functional test casesHavi...
CGI
Automation Engineer
In this role, you should have a keen eye for detail and excellent communication skillsE...
Quinnox
Automation Test Engineer
Role: Automation Test EngineerIndustry Type: IT Services &amp; ConsultingExperience: 3-6 ye...
Yotta Techports
Specialist - Software Engineering
Must have a proven experience ofin leading the development of automation framework and ...
Mindtree
Senior Quality Assurance Engineer
As a Senior Quality Assurance Engineer, you will be responsible for: Providing expertis...
Baker Hughes
Quality Assurance Engineering Specialist
As a Quality Assurance Engineering Specialist, you will be responsible for: Providing e...
Baker Hughes
Staff Engineer - SDET
Must be an effective written and spoken communicator with staff and managementBachelors...
Nextgen Healthcare
QA Tester - Salesforce
Prepare the test cases from the use cases/User stories Identify test data requirement U...
AT and T Global Business Services India P. Ltd.
Automation Test Engineer
Responsible for development, execution and maintaining automation artifacts to perform ...
Careator Technologies
Senior Automation Tester
Good to have Specflow with C# experience or knowledgeGood to have Azure DevOps and Port...
Ariqt Solutions
True
None
20
Quality Engineer
Hands-on experience in test automation, building maintaining test automation framework ...
Turvo
Test Architect - Automation
As an Automation Architect who is passionate about seeing customer succeeded and ensuri...
AT and T Global Business Services India P. Ltd.
Automation Test Engineer
Position: Full TimeQualification: Bachelors degree in computer science or a related fie...
Cloudray
Qa Engineer
Must know: Automation QA with Knowledge on selenium mustExperience required: - 3 + Years
Programmers io
Python Automation Engineer
Experience Range: Minimum 4 years and Max of 6 years Should have worked on Linux based ...
Sterlite Technologies (STL)
Senior Mobile Automation Test Engineer
Should be able to learn new technologies based on the need
Leute Passen
Smart Automation Support Engineer II
Knowledge of Agile software development lifecycle, including experience of applying cha...
Experian PLC
Senior Automation Test Analyst
Requirement analysis, preparing test traceability matrix, test cases, test data, test e...
Experian PLC
Automation Test Analyst
Requirement analysis, preparing test traceability matrix, test cases, test data, test e...
Experian PLC
Qa Test Engineer
Roles and Responsibilities Familiarity with Tcl scripting languageKnowledge of Verilog/...
Excellicon
Android Testing Engineer
ISTQB Foundation Certification would be a plusTesting Experience in other well-known mo...
OPPO
Enterprise Virtualization Engineer
ResponsibilitiesVirtualization - Expert- level knowledge of the implementation, managem...
ICE
QA Automation Engineer
This role offers work from home flexibility of up to 2 days per weekExperience with mai...
ICE
QA Engineer
Job PurposeWe seek a passionate QA engineer to join our Quality Assurance team. The can...
ICE
Senior QA Automation Engineer
Job PurposeIntercontinental Exchange, Inc. (ICE) presents a unique opportunity to work ...
ICE
QA Automation Engineer (Python, Yocto)
Hands-on experience with test case and test plan creation and maintenance Must have Goo...
Luxoft
QA Analyst / Tester - Selenium - 8 To 10+ years
Hiring full time QA Analyst / Tester for our in-house project who can start as soon as ...
Vuesol Technologies
Commercial Capital-UAT
Roles and Responsibilities Test Analyst will support UAT for Commercial Capital product...
Black Turtle
Senior Automation Test Engineer
ResponsibilitiesTake leadership role for Oracle Communication Session Management projec...
Oracle
True
None
20
Senior Automation Test Engineer
Looking for 7 - 9 years of hands on experience in testing web, DB and API testingBachel...
UWorld
[...]
Uplers
Python Automation Tester
Should be able to write small pieces of code during the interview Very good written and...
MSPIRE VENTURES PRIVATE LIMITED
Advance systems Engineer Pune/Chennai Honeywell dipti.shelke@taggd.in
Should be able to Conceptualize, design and validate System Architecture diagram/ Contr...
Honeywell
Automation Tester
Experience of application development using technologies like .NET, C#, Web API and MVC...
Encora
Automation Test Engineer
Good exposure to Defect Management and related tools including JIRA, ALM etcStrong hold...
Lionbridge
True
None
20
IT Testing Professional
Bachelor of Engineering You will create requirement specifications from the business ne...
Infosys
Automation Tester
With Strong Data Structures and Algorithms, coding skills in an Object-Oriented program...
Womennovator
Senior Automation Tester
Prior experience in Software quality assurance technical testing in one or more of the ...
Varite
Urgent Opening For VOIP Engineers
Roles and Responsibilities • Experience with test activities involving Call processing ...
Prodapt Solutions
Automation Quality Engineer
We are looking for an Automation QA Engineer who will be responsible for improving test...
GB Tech Service
Senior Test Automation Engineer-Python at Mahape-Navi Mumbai.
Urgent requirement for Senior Test Automation Engineer-Python at Mahape-Navi Mumbai.Exp...
Job Search
Automation Test Engineer
Should be able to create complex SQLs to validate data sets Assist with the building of...
ANSI Solutions
Python Automation Professional
Roles and Responsibilities Experience: 4+ years Key Skills: Python Automation Testing, ...
Infobeans
Senior Automation Test Engineer
The candidate must have a minimum of 4+ Years of experience in Automation testing with ...
Saksoft
Selenium Automation Testing - 4 To 8yrs - Chennai/Mumbai/Pune
Greetings from Hexaware Technologies!!Immediate Openings for Selenium Automation Testin...
Hexaware Technologies
Opening : : Senior Tester : : Mumbai location
Experience : : 4 to 7 yearsExperience in manual testingHands on experience in web servi...
Evoke HR
Validation Engineer - Embedded software products.
Experience of testing embedded software products
Bhagat Hr Services
Automation Testing with Cypress - Chennai- Only Immediate
Greetings!!!Currently we have an urgent Position for QA Automation Testing Role with on...
Encore Software Services
Urgent Opportunity For AWS Developer For Pune
Delivers support to the analysis, design and test phase for the new functionalities req...
Randstad India
Software Quality Assurance Specialist- Ranjangoan ( Pune)
Bachelor degree with experience in Computer Science or equivalent Engineering streams S...
Shavish Hr And Digital Marketing
Senior Test Engineer ( Selenium &amp; C# )
Agile and scrum experience 4 to 7 years of automation experience in C# selenium Salesfo...
H&amp;R Block
Test Automation Developer
Test automation engineer.Previous experience of leading a team of testers in a test aut...
Am Logistics And Corporate Services
Hiring For QA|Automated,Selenium Testing|3+Yrs Exp|Mumbai
Job Position Summary An exciting and challenging opportunity has arisen for a QA Engine...
Adecco Group
QA Automation Tester
Roles and Responsibilities Bachelors degree, Minimum 3-5 years Quality Assurance experi...
Tier5 Technology Solutions Pvt Ltd.
True
None
20
IOT Automation Test Engineer
Experience with hardware and software development lifecycle processes, ability to revie...
TekPillar Services Pvt. Ltd
Automation Testing
Highly accurate and detail-oriented. 5 years of hands-on quality assurance work with we...
Diverse Lynx
Sr Development Engineer - Python Automation
About the Role As Sr. Development Engineer for Python Automation in ClickShare Embedded...
Barco Electronic System
Automation Testing(Selenium)
Good communication skills, liaising with project team members Good knowledge in Applica...
Busisol Sourcing (India)
Automation Testing - Selenium
Key Responsibilities &amp; Accountabilities: Minimum experience of 2 years working with Sel...
Busisol Sourcing (India)
Automation QA Engineer
Design and build automated test frameworks like POM-TestNG, BDD-CUCUMBER, reporting ana...
Wavelabs Technologies
Software Test Automation Engineer - Angler Technologies
We are on look out for dynamic Graduate / Post Graduate Software Test Engineers / Teste...
Angler Technologies
Python Automation Engineer
Roles and Responsibilities Position Summary: Description of the role: We are looking fo...
Velocix Solutions
Senior Software Engineer
RESPONSIBILITIESWrite, execute and maintain test automation scripts using Java/Javascri...
Caratlane
Test automation engineer
About the role:We are seeking for an experienced Test Automation Engineer. You will be ...
TIGI HR SOLUTION PVT.LTD
HIL Tester- Automotive
Experience in System test automation and test script development, defect analysisWe are...
TekPillar Services Pvt. Ltd
Sr.Test Automation Engineer
Candidate should have good communication skills as client interaction will be involved3...
Qualitest
Software Engineer 2 - IT
Designs, codes, tests, debugs and documents software according to our systems quality s...
Varite
QA Engineer
Job Description -As a Machine learning QA engineer, you will work closely with the Prod...
Excellarate Softech Pvt Ltd
Senior Automation Tester
Lead Engineer-AutomationWhat you will doAs a Lead Engineer-Automation, you will oversee...
H&amp;B HR SOLUTIONS PRIVATE LIMITED
QA Automation Lead Manager
Provide test automation expertise for different products across multiple projects. Desi...
ASTITVA HR SOLUTION PRIVATE LIMITED
Senior Automation Test Engineer | NAB
The Quality Engineer will be part of a specialist team/community working across all dis...
Talent500
Automation Engineer
Safeguard and ensure the quality of LM product and business applications. Executes Soft...
Logicmonitor
QA Automation Engineer
Bachelor (BS) degree in Computer Science, Software Engineering or a closely related fie...
Ivalua
True
None
20
UI Testing and Automation Lead
Good Java with Selenium is a must Good knowledge of SQL databases Experience in Web cli...
IB Services &amp;amp;amp; Technologies
Selenium Tester
Minimum experience of 2 years working with Selenium WebDriver Knowledge of Java, WebDri...
Busisol Sourcing (India)
Software Test Automation Lead
Bachelor or Master of Science degree in Computer Science and Engineering from a reputed...
PierianDx
Mobile Automation Tester
Experience in several test automation frameworks, e.g., TestNG Hands on experience in M...
Botree Software
Automation Engineer
Bachelors or Masters in engineering with 5+ relevant experience in automation.Strong un...
GHARONDAA ADVISORS PVT LTD
Automation Engineer
Bachelors or Masters in engineering with 5+ relevant experience in automation.Strong un...
GHARONDAA ADVISORS PVT LTD
Automation Engineer
Bachelors or Masters in engineering with 5+ relevant experience in automation.Strong un...
GHARONDAA ADVISORS PVT LTD
NFVi Validation / Cloud shore Professional
Bachelors or Masters in engineering with at least 7+ years’ relevant experienced.Strong...
GHARONDAA ADVISORS PVT LTD
Automation Engineer
Bachelors or Masters in engineering with 5+ relevant experience in automation.Strong un...
GHARONDAA ADVISORS PVT LTD
Automation Engineer
Bachelors or Masters in engineering with 5+ relevant experience in automation.Strong un...
GHARONDAA ADVISORS PVT LTD
Automation Engineer
Bachelors or Masters in engineering with 5+ relevant experience in automation.Strong un...
GHARONDAA ADVISORS PVT LTD
NFVi Validation / Cloud shore
Bachelors or Masters in engineering with at least 7+ years’ relevant experienced.Strong...
GHARONDAA ADVISORS PVT LTD
NFVi Validation / Cloud shore
Bachelors or Masters in engineering with at least 7+ years’ relevant experienced.Strong...
GHARONDAA ADVISORS PVT LTD
Automation Engineer
Bachelors or Masters in engineering with 5+ relevant experience in automation.Strong un...
GHARONDAA ADVISORS PVT LTD
NFVi Validation / Cloud shore Professional
Bachelors or Masters in engineering with at least 7+ years’ relevant experienced.Strong...
GHARONDAA ADVISORS PVT LTD
Automation Engineer
Bachelors or Masters in engineering with 5+ relevant experience in automation.Strong un...
GHARONDAA ADVISORS PVT LTD
Automation Test Engineer|| Iris Software
Heres an opportunity to work at one of Indias Top 50 Best Companies!Iris Software has b...
Iris Software
Automation Testing
We are seeking a candidate who have experience in API Testing REST Assure Mannual Testi...
Successcatalyst Techservices Pvt Ltd
Qa Engineer
Looking for candidates who have strong experience in Automation testing. Hybrid Model: ...
Qween
True
None
20
Sr. Software Test Engineer
Experience in testing UI, the user experience of Android, iOS and web apps using manual...
Neuronimbus Software Services
Python Automation Engineer
Hands on experience in developing test codes using Python and Pytest frameworks for ami...
Mspire ventures
Quality Assurance Lead - Automation Testing
Should have knowledge of Rest API automation as well Good to have knowledge of native A...
Serving Skill
Senior Test Engineer
Holds good knowledge of surround interface systems like origination, decisioning, risk ...
Mphasis
Automation Test Engineer - Java, Selenium
Automation development: Write functional and non-functional automation tests and the su...
Hoffmann-La Roche
System Software Engineer
Architect, develop, and maintain an innovative test automation system for the organizat...
M/s. Orange Business Services
System Software Engineer
Architect, develop, and maintain an innovative test automation system for the organizat...
M/s. Orange Business Services
SAP Business One Partner
Experience in System testing, integration testing, cross-browser testing, End to End an...
Cinntra
QA automation Specialist | Gurgaon
5+ years experienceDesired Candidate Profile : We are looking for a candidate with exce...
Avaal
Senior Automation Tester
This opening is only for Chennai candidates only
CIEL HR
Test Engineer ( Cypress )
Well versed with writing test cases for both mobile and web apps and also responsive te...
Classic Informatics
JavaScript Cypress - Automation Test Engineer
Hiring for an Automation Test EngineerYears - 3 to 6 YearsSkillset - Cypress, Javascrip...
Indium Software
Automotive Software Test Engineer Automated Testing in Pune
3 + Experience with unit testing or SW integration testing
L4B Software
Automation Test Engineer - C2H - LTI MINDTREE - Pan India
Develop Test scripts and proficient with C# development(mandate)
Careernet Technologies
Sr. QA Engineer
We are an US based Venture Service Company. We focus on partnering with product compani...
Jeavio
Automation Testing Lead|| Urgent Requirement: Espire Infolabs: CMMi 5
UK Shift (1 pm to 10 pm) 8+ years of automation experience (Selenium) Previous UI autom...
Espire Infolabs
Test Analyst - Automation
3-6 years of automation testing experience Expertise in test automation tools. Preferab...
Emersons Labs.ltd.
Test Automation Sr. Lead
Talent should have excellent communication skills3 must haves should have lead experien...
Qualitest
Test Automation Engineer
3 must haves candidate should have good communication skills Should be a good team play...
Qualitest
True
None
20
Lead Software Test Engineer
The candidate should have strong experience in Automation Tools with excellent communic...
AscendZ HR Solutions
Quality Assurance Analyst
Bachelor s degree preferredMust have a good understanding of the test development life ...
Global Industrial
Quality Assurance Specialist (m/f/x)
As a member of our workflow team, whose goal is the maximum digitalization and automati...
Onevision Software (india)
Automation Quality Analyst
QUALITY ENGINEERAre you passionate of being a Quality Analyst? We are seeking for an Au...
Aequalis Software Solutions
Accessibility Testing Engineer
Resource should be willing to work in Night shift 5 pm to 2:30 am ISTEngagement of SMEs...
Tech Mahindra
QA Automation Engineer
Should have experience with build tools(Maven, Gradle) and be able to maintain automati...
TSI Technologies
Adeptia is Hiring| Automation Test Engineers
Should have sound knowledge of software development life cycle and Manual Testing conce...
Adeptia
Required Automation Tester( Java Selenium) _Java Selenium For Chennai
Minimum 4-10 years of relevant work experience, quality automation experience &amp; web and...
Aspire Systems
Software Test Engineer
3+ years core development experience as Software Engineer / SDETDemonstrable experience...
Captalent Hr
Automation Test Engineer
automated test suites using tools such as Jenkins Manual testing, API testing, Mobile a...
Parity Cube
Embedded Test Engineer
Required Skills:• Expert in Design, Development of Java in IOT based Projects• Exposure...
HR Remedy India
Software QA Engineer, II
Be able to independently analyze reports and responses to identify possible defects and...
Zebra Technologies
QA
Mandatory - Good knowledge of Pega PRPC 7.x/8.x Experience in working with Pega as a he...
Finastra
Sr SQA Engineer - GUI Rational ROBOT Automation
R eview functional requirements and user stories from business partners come up with te...
Veritas Technologies
ETL Professional
Support other team members on need, should be capable to handle multiple projects and e...
Diverse Lynx
Automation engineer
Hands on experience in setting up &amp; running automated tests through CI / CD pipeline Wo...
Qualitest
Transformation Director
Experience deploying applications in AWS or OpenShift (Kubernetes) Candidate should hav...
Metriqe Solutions
Software Engineer - Quality Assurance
LogiNext is looking for a technically savvy and passionate QA Engineer to cater to the ...
LogiNext
Lead Automation Tester in .NET
We are currently looking for a remote Lead Automation Tester with 5+ years of QA experi...
Epam Systems
True
None
20
Lead Automation Tester in .NET
We are currently looking for a remote Lead Automation Tester with 5+ years of QA experi...
Epam Systems
Senior Automation Tester in DSL
Experience in e2e web app automation Certification training for technical and soft skil...
Epam Systems
Senior Automation Tester in DSL
Experience in e2e web app automation Certification training for technical and soft skil...
Epam Systems
Senior Automation Tester in DSL
Experience in e2e web app automation Certification training for technical and soft skil...
Epam Systems
Senior Automation Tester in .NET
Currently, we are looking for a remote Senior Automation Tester in .NET with AWS, CI, o...
Epam Systems
Senior Automation Tester in .NET
Currently, we are looking for a remote Senior Automation Tester in .NET with AWS, CI, o...
Epam Systems
Senior Automation Tester in .NET
Currently, we are looking for a remote Senior Automation Tester in .NET with AWS, CI, o...
Epam Systems
Lead Automation Tester in .NET
Currently, we are looking for a remote Lead Automation Tester in .NET to join our team....
Epam Systems
Lead Automation Tester in .NET
Currently, we are looking for a remote Lead Automation Tester in .NET to join our team....
Epam Systems
Lead Automation Tester in .NET
Currently, we are looking for a remote Lead Automation Tester in .NET to join our team....
Epam Systems
Pune: SQA Engineer
Looking for SQA Engineer who will be responsible for Understand requirements to design ...
Perfect People Search
QA Automation
• Create and maintain well-structured test plans, test cases and defects using tools li...
Hyrefox Consultants
QA Engineer
Role - QA Automation EngineerSkills required -SeleniumJavaAPI Database
Black And White Business Solutions
Sr. QA Automation Engineer
Perform any required testing in multiple ongoing development projectsThe Senior QA Engi...
Convoso Tech International
Automations Tester | Gurgaon |Urgent Openings
Experience in testing of APIs and microservices using tool like postman etcExperience i...
Born Commerce
Urgent - Automation Test Lead
Preferred Team Management experience while managing min 3-5 resourcesof experience in P...
Qualitykiosk Technologies
Test Engineer Automation
Good knowledge of VM ware workstations
Siemens
Test Analyst - Automation
3-6 years of automation testing experience Expertise in test automation tools. Preferab...
Emersons Labs.ltd.
Firmware Test Automation Engineer
Must have a strong desire for quality Must have the ability to think from the customers...
Emersons Labs.ltd.
True
None
18
Senior QA Specialist
Define test strategy and Scope of testing Create well documented New Feature and System...
PTC Software India
C# Selenium
Automation testers with good C#/Ranorex/Selenium experiance Please drop CVs at sugapriy...
Indium Software
Senior Functional and API Test Automation Engineer
Proficient in designing and implementing test automation frameworks like selenium, Test...
Hanu Software Solutions Pvt Ltd
Automation Tester
Should Possess good knowledge in creating test plans and test strategies Should have mi...
V Group
Staff SQA Engineer (DevOps Automation Testing)
The candidate should have excellent analytical skills and should be able to identify th...
BMC Software
Senior QA Automation Engineer
Experience in test case management tools (Jira, Xray, Testrail or similar) Good underst...
Bahwan CyberTek
QA Automation Engineer
5 years of experience in automation testing Experience in Estimations, Planning, Task a...
Bahwan CyberTek
Automation Test Engineers in Noida(Early/Immediate Joiners Preferred)
Flexible to work in 2nd shift until 11:30 PM( a few days in a Month)We cant have perman...
Careerdost Enterprise
Testing and Quality Engineer
Good experience at Quality Testing, Automation testing Manual testing
Incon Spark India
Testing and Support Engineer
Must have good experience at Automation testing, manual testing, Api testing
Incon Spark India
Testing Operator
Knowledge at Manual testing, automation testing, selenium java
Incon Spark India
Testing Engineering Analyst
Good experience at Manual testing Automation testing Testng selenium java
Incon Spark India
Tester Intern
Basic knowledge at Manual testing automation testing api testing, Testng
Incon Spark India
Tester Executive
good experience at manual Testing, Automation testing, Api testing, Bdd frameworks
Incon Spark India
Tester Trainee
Good experience at Manual testing, automation testing, Testng, BDD Api testing
Incon Spark India
Software Tester
Automation test engineer
Incon Spark India
Testing Team Member
Good experience at Manual testing, Automation testing, Api testing, cucumber, BDD
Incon Spark India
True
true</msg>
<msg timestamp="20230102 18:51:03.781" level="INFO">${filename} = NaukriData_2023-01-02_18.51.03.654175.xlsx</msg>
<status status="PASS" starttime="20230102 18:43:59.683" endtime="20230102 18:51:03.781"/>
</kw>
<kw name="Set Global Variable" library="BuiltIn">
<arg>${filename}</arg>
<doc>Makes a variable available globally in all tests and suites.</doc>
<msg timestamp="20230102 18:51:03.782" level="INFO">${filename} = NaukriData_2023-01-02_18.51.03.654175.xlsx</msg>
<status status="PASS" starttime="20230102 18:51:03.781" endtime="20230102 18:51:03.783"/>
</kw>
<kw name="Log To Console" library="BuiltIn">
<arg>${filename}</arg>
<doc>Logs the given message to the console.</doc>
<status status="PASS" starttime="20230102 18:51:03.783" endtime="20230102 18:51:03.784"/>
</kw>
<status status="PASS" starttime="20230102 18:43:59.683" endtime="20230102 18:51:03.784"/>
</branch>
<status status="PASS" starttime="20230102 18:43:59.683" endtime="20230102 18:51:03.784"/>
</if>
<status status="PASS" starttime="20230102 18:43:13.205" endtime="20230102 18:51:03.784"/>
</test>
<status status="PASS" starttime="20230102 18:43:12.362" endtime="20230102 18:51:03.786"/>
</suite>
<statistics>
<total>
<stat pass="1" fail="0" skip="0">All Tests</stat>
</total>
<tag>
</tag>
<suite>
<stat pass="1" fail="0" skip="0" id="s1" name="NaukriRobot">NaukriRobot</stat>
</suite>
</statistics>
<errors>
</errors>
</robot>
